#
# There is insufficient memory for the Java Runtime Environment to continue.
# Native memory allocation (mmap) failed to map 146800640 bytes for committing reserved memory.
# Possible reasons:
#   The system is out of physical RAM or swap space
#   In 32 bit mode, the process size limit was hit
# Possible solutions:
#   Reduce memory load on the system
#   Increase physical memory or swap space
#   Check if swap backing store is full
#   Use 64 bit Java on a 64 bit OS
#   Decrease Java heap size (-Xmx/-Xms)
#   Decrease number of Java threads
#   Decrease Java thread stack sizes (-Xss)
#   Set larger code cache with -XX:ReservedCodeCacheSize=
# This output file may be truncated or incomplete.
#
#  Out of Memory Error (os_linux.cpp:2640), pid=3238, tid=0x00007fc1c0dfd700
#
# JRE version: Java(TM) SE Runtime Environment (8.0_171-b11) (build 1.8.0_171-b11)
# Java VM: Java HotSpot(TM) 64-Bit Server VM (25.171-b11 mixed mode linux-amd64 compressed oops)
# Failed to write core dump. Core dumps have been disabled. To enable core dumping, try "ulimit -c unlimited" before starting Java again
#

---------------  T H R E A D  ---------------

Current thread (0x00007fc1d014b800):  VMThread [stack: 0x00007fc1c0cfd000,0x00007fc1c0dfe000] [id=3248]

Stack: [0x00007fc1c0cfd000,0x00007fc1c0dfe000],  sp=0x00007fc1c0dfc220,  free space=1020k
Native frames: (J=compiled Java code, j=interpreted, Vv=VM code, C=native code)
V  [libjvm.so+0xacfffa]  VMError::report_and_die()+0x2ba
V  [libjvm.so+0x5005cb]  report_vm_out_of_memory(char const*, int, unsigned long, VMErrorType, char const*)+0x8b
V  [libjvm.so+0x92dd93]  os::Linux::commit_memory_impl(char*, unsigned long, bool)+0x123
V  [libjvm.so+0x92dfb9]  os::pd_commit_memory(char*, unsigned long, unsigned long, bool)+0x29
V  [libjvm.so+0x92527a]  os::commit_memory(char*, unsigned long, unsigned long, bool)+0x2a
V  [libjvm.so+0x99b223]  PSVirtualSpace::expand_by(unsigned long)+0x53
V  [libjvm.so+0x99c628]  PSYoungGen::resize_generation(unsigned long, unsigned long)+0xf8
V  [libjvm.so+0x99b782]  PSYoungGen::resize(unsigned long, unsigned long)+0x22
V  [libjvm.so+0x998a5b]  PSScavenge::invoke_no_policy()+0xf3b
V  [libjvm.so+0x9991e1]  PSScavenge::invoke()+0x41
V  [libjvm.so+0x94fcb0]  ParallelScavengeHeap::failed_mem_allocate(unsigned long)+0x70
V  [libjvm.so+0xad1a77]  VM_ParallelGCFailedAllocation::doit()+0x97
V  [libjvm.so+0xad9595]  VM_Operation::evaluate()+0x55
V  [libjvm.so+0xad795a]  VMThread::evaluate_operation(VM_Operation*)+0xba
V  [libjvm.so+0xad7cde]  VMThread::loop()+0x1ce
V  [libjvm.so+0xad8150]  VMThread::run()+0x70
V  [libjvm.so+0x92e0f8]  java_start(Thread*)+0x108

VM_Operation (0x00007fc1d9bbfba0): ParallelGCFailedAllocation, mode: safepoint, requested by thread 0x00007fc1d0016000


---------------  P R O C E S S  ---------------

Java Threads: ( => current thread )
  0x00007fc1740c0800 JavaThread "task-result-getter-0" daemon [_thread_blocked, id=3382, stack(0x00007fc13e7eb000,0x00007fc13e8ec000)]
  0x00007fc1740bf000 JavaThread "Executor task launch worker for task 0" daemon [_thread_blocked, id=3377, stack(0x00007fc13eaec000,0x00007fc13ebed000)]
  0x00007fc1d1791800 JavaThread "org.apache.hadoop.fs.FileSystem$Statistics$StatisticsDataReferenceCleaner" daemon [_thread_blocked, id=3340, stack(0x00007fc13f3fa000,0x00007fc13f4fb000)]
  0x00007fc1d1ae5000 JavaThread "spark-listener-group-streams" daemon [_thread_blocked, id=3339, stack(0x00007fc13f4fb000,0x00007fc13f5fc000)]
  0x00007fc1d195d800 JavaThread "spark-listener-group-shared" daemon [_thread_blocked, id=3336, stack(0x00007fc13f9fc000,0x00007fc13fafd000)]
  0x00007fc178033000 JavaThread "element-tracking-store-worker" daemon [_thread_blocked, id=3335, stack(0x00007fc13fcfd000,0x00007fc13fdfe000)]
  0x00007fc1d1919000 JavaThread "spark-listener-group-executorManagement" daemon [_thread_blocked, id=3334, stack(0x00007fc13fdfe000,0x00007fc13feff000)]
  0x00007fc1d1917000 JavaThread "spark-listener-group-appStatus" daemon [_thread_blocked, id=3333, stack(0x00007fc13feff000,0x00007fc140000000)]
  0x00007fc1d1911000 JavaThread "context-cleaner-periodic-gc" daemon [_thread_blocked, id=3332, stack(0x00007fc1802f4000,0x00007fc1803f5000)]
  0x00007fc1d190f800 JavaThread "Spark Context Cleaner" daemon [_thread_blocked, id=3331, stack(0x00007fc1803f5000,0x00007fc1804f6000)]
  0x00007fc1d1604000 JavaThread "shuffle-server-5-1" daemon [_thread_blocked, id=3330, stack(0x00007fc1804f6000,0x00007fc1805f7000)]
  0x00007fc1d1600000 JavaThread "driver-heartbeater" daemon [_thread_blocked, id=3329, stack(0x00007fc1805f7000,0x00007fc1806f8000)]
  0x00007fc1d1533000 JavaThread "dag-scheduler-event-loop" daemon [_thread_blocked, id=3328, stack(0x00007fc1806f8000,0x00007fc1807f9000)]
  0x00007fc15c00a800 JavaThread "netty-rpc-env-timeout" daemon [_thread_blocked, id=3322, stack(0x00007fc1807f9000,0x00007fc1808fa000)]
  0x00007fc1d14b6000 JavaThread "Timer-0" daemon [_thread_blocked, id=3321, stack(0x00007fc1808fa000,0x00007fc1809fb000)]
  0x00007fc168002000 JavaThread "heartbeat-receiver-event-loop-thread" daemon [_thread_blocked, id=3320, stack(0x00007fc1809fb000,0x00007fc180afc000)]
  0x00007fc1d1445800 JavaThread "SparkUI-37" daemon [_thread_blocked, id=3318, stack(0x00007fc180cfc000,0x00007fc180dfd000)]
  0x00007fc1d1444000 JavaThread "SparkUI-36" daemon [_thread_blocked, id=3317, stack(0x00007fc180dfd000,0x00007fc180efe000)]
  0x00007fc1d1442000 JavaThread "SparkUI-35" daemon [_thread_blocked, id=3316, stack(0x00007fc180efe000,0x00007fc180fff000)]
  0x00007fc1d1440800 JavaThread "SparkUI-34" daemon [_thread_blocked, id=3315, stack(0x00007fc1b00d0000,0x00007fc1b01d1000)]
  0x00007fc1d143e800 JavaThread "SparkUI-33" daemon [_thread_blocked, id=3314, stack(0x00007fc1b01d1000,0x00007fc1b02d2000)]
  0x00007fc1d143d000 JavaThread "SparkUI-32-acceptor-0@466348f4-ServerConnector@48a4ae48{HTTP/1.1,[http/1.1]}{0.0.0.0:4040}" daemon [_thread_in_native, id=3313, stack(0x00007fc1b02d2000,0x00007fc1b03d3000)]
  0x00007fc1d1437000 JavaThread "SparkUI-31" daemon [_thread_in_native, id=3312, stack(0x00007fc1b03d3000,0x00007fc1b04d4000)]
  0x00007fc1d1432000 JavaThread "SparkUI-30" daemon [_thread_in_native, id=3311, stack(0x00007fc1b04d4000,0x00007fc1b05d5000)]
  0x00007fc1d0dc2000 JavaThread "RemoteBlock-temp-file-clean-thread" daemon [_thread_blocked, id=3297, stack(0x00007fc1b07d5000,0x00007fc1b08d6000)]
  0x00007fc1d13a0800 JavaThread "map-output-dispatcher-7" daemon [_thread_blocked, id=3296, stack(0x00007fc1b08d6000,0x00007fc1b09d7000)]
  0x00007fc1d139e800 JavaThread "map-output-dispatcher-6" daemon [_thread_blocked, id=3295, stack(0x00007fc1b09d7000,0x00007fc1b0ad8000)]
  0x00007fc1d139d000 JavaThread "map-output-dispatcher-5" daemon [_thread_blocked, id=3294, stack(0x00007fc1b0ad8000,0x00007fc1b0bd9000)]
  0x00007fc1d139b000 JavaThread "map-output-dispatcher-4" daemon [_thread_blocked, id=3293, stack(0x00007fc1b0bd9000,0x00007fc1b0cda000)]
  0x00007fc1d1399800 JavaThread "map-output-dispatcher-3" daemon [_thread_blocked, id=3292, stack(0x00007fc1b0cda000,0x00007fc1b0ddb000)]
  0x00007fc1d1394800 JavaThread "map-output-dispatcher-2" daemon [_thread_blocked, id=3291, stack(0x00007fc1b0ddb000,0x00007fc1b0edc000)]
  0x00007fc1d1393800 JavaThread "map-output-dispatcher-1" daemon [_thread_blocked, id=3290, stack(0x00007fc1b0edc000,0x00007fc1b0fdd000)]
  0x00007fc1d1398000 JavaThread "map-output-dispatcher-0" daemon [_thread_blocked, id=3289, stack(0x00007fc1b0fdd000,0x00007fc1b10de000)]
  0x00007fc1d1359000 JavaThread "rpc-server-3-1" daemon [_thread_blocked, id=3288, stack(0x00007fc1b10de000,0x00007fc1b11df000)]
  0x00007fc1d11cc800 JavaThread "dispatcher-event-loop-3" daemon [_thread_blocked, id=3285, stack(0x00007fc1b15f0000,0x00007fc1b16f1000)]
  0x00007fc1d11cb000 JavaThread "dispatcher-event-loop-2" daemon [_thread_blocked, id=3284, stack(0x00007fc1b16f1000,0x00007fc1b17f2000)]
  0x00007fc1d11c9800 JavaThread "dispatcher-event-loop-1" daemon [_thread_blocked, id=3283, stack(0x00007fc1b17f2000,0x00007fc1b18f3000)]
  0x00007fc1d11c5800 JavaThread "dispatcher-event-loop-0" daemon [_thread_blocked, id=3282, stack(0x00007fc1b1cf4000,0x00007fc1b1df5000)]
  0x00007fc1d1123800 JavaThread "process reaper" daemon [_thread_blocked, id=3278, stack(0x00007fc1b1df5000,0x00007fc1b1e2e000)]
  0x00007fc194001000 JavaThread "Attach Listener" daemon [_thread_blocked, id=3267, stack(0x00007fc1b2c74000,0x00007fc1b2d75000)]
  0x00007fc1d0d27800 JavaThread "Service Thread" daemon [_thread_blocked, id=3265, stack(0x00007fc1b308d000,0x00007fc1b318e000)]
  0x00007fc1d0d1a800 JavaThread "C1 CompilerThread2" daemon [_thread_blocked, id=3264, stack(0x00007fc1b318e000,0x00007fc1b328f000)]
  0x00007fc1d0d17800 JavaThread "C2 CompilerThread1" daemon [_thread_blocked, id=3263, stack(0x00007fc1b328f000,0x00007fc1b3390000)]
  0x00007fc1d0d16000 JavaThread "C2 CompilerThread0" daemon [_thread_blocked, id=3262, stack(0x00007fc1b3390000,0x00007fc1b3491000)]
  0x00007fc1d0d14800 JavaThread "Monitor Ctrl-Break" daemon [_thread_in_native, id=3261, stack(0x00007fc1b3491000,0x00007fc1b3592000)]
  0x00007fc1d018a800 JavaThread "Signal Dispatcher" daemon [_thread_blocked, id=3260, stack(0x00007fc1c003b000,0x00007fc1c013c000)]
  0x00007fc1d0157800 JavaThread "Finalizer" daemon [_thread_blocked, id=3252, stack(0x00007fc1c0afb000,0x00007fc1c0bfc000)]
  0x00007fc1d0153000 JavaThread "Reference Handler" daemon [_thread_blocked, id=3251, stack(0x00007fc1c0bfc000,0x00007fc1c0cfd000)]
  0x00007fc1d0016000 JavaThread "main" [_thread_blocked, id=3239, stack(0x00007fc1d9ac3000,0x00007fc1d9bc4000)]

Other Threads:
=>0x00007fc1d014b800 VMThread [stack: 0x00007fc1c0cfd000,0x00007fc1c0dfe000] [id=3248]
  0x00007fc1d0d2a800 WatcherThread [stack: 0x00007fc1b2f8c000,0x00007fc1b308d000] [id=3266]

VM state:at safepoint (normal execution)

VM Mutex/Monitor currently owned by a thread:  ([mutex/lock_event])
[0x00007fc1d000bdb0] Threads_lock - owner thread: 0x00007fc1d014b800
[0x00007fc1d000c2b0] Heap_lock - owner thread: 0x00007fc1d0016000

Heap:
 PSYoungGen      total 226816K, used 13290K [0x00000000d7000000, 0x00000000e5c80000, 0x0000000100000000)
  eden space 213504K, 0% used [0x00000000d7000000,0x00000000d7000000,0x00000000e4080000)
  from space 13312K, 99% used [0x00000000e4280000,0x00000000e4f7aa58,0x00000000e4f80000)
  to   space 8704K, 0% used [0x00000000e5400000,0x00000000e5400000,0x00000000e5c80000)
 ParOldGen       total 74240K, used 14727K [0x0000000085000000, 0x0000000089880000, 0x00000000d7000000)
  object space 74240K, 19% used [0x0000000085000000,0x0000000085e61ec8,0x0000000089880000)
 Metaspace       used 47284K, capacity 47704K, committed 47912K, reserved 1089536K
  class space    used 7043K, capacity 7161K, committed 7208K, reserved 1048576K

Card table byte_map: [0x00007fc1d6273000,0x00007fc1d664c000] byte_map_base: 0x00007fc1d5e4b000

Marking Bits: (ParMarkBitMap*) 0x00007fc1d8f8e280
 Begin Bits: [0x00007fc1b8280000, 0x00007fc1ba140000)
 End Bits:   [0x00007fc1ba140000, 0x00007fc1bc000000)

Polling page: 0x00007fc1d9be0000

CodeCache: size=245760Kb used=7771Kb max_used=7783Kb free=237988Kb
 bounds [0x00007fc1c1000000, 0x00007fc1c17e0000, 0x00007fc1d0000000]
 total_blobs=2999 nmethods=2436 adapters=475
 compilation: enabled

Compilation events (10 events):
Event: 47.688 Thread 0x00007fc1d0d1a800 2753       3       java.lang.Double::compareTo (12 bytes)
Event: 47.688 Thread 0x00007fc1d0d1a800 nmethod 2753 0x00007fc1c1328610 code [0x00007fc1c1328780, 0x00007fc1c1328908]
Event: 47.688 Thread 0x00007fc1d0d1a800 2752       3       java.lang.Double::compareTo (9 bytes)
Event: 47.688 Thread 0x00007fc1d0d1a800 nmethod 2752 0x00007fc1c1280890 code [0x00007fc1c1280a20, 0x00007fc1c1280d68]
Event: 47.688 Thread 0x00007fc1d0d1a800 2751       3       scala.collection.mutable.HashMap::findEntry (6 bytes)
Event: 47.689 Thread 0x00007fc1d0d1a800 nmethod 2751 0x00007fc1c12277d0 code [0x00007fc1c1227960, 0x00007fc1c1227ce8]
Event: 47.761 Thread 0x00007fc1d0d1a800 2754       3       java.lang.ThreadLocal::set (30 bytes)
Event: 47.762 Thread 0x00007fc1d0d1a800 nmethod 2754 0x00007fc1c1277f10 code [0x00007fc1c12780a0, 0x00007fc1c1278488]
Event: 47.939 Thread 0x00007fc1d0d16000 2755       4       java.lang.ClassLoader::addClass (9 bytes)
Event: 47.943 Thread 0x00007fc1d0d16000 nmethod 2755 0x00007fc1c132aad0 code [0x00007fc1c132ac40, 0x00007fc1c132b028]

GC Heap History (10 events):
Event: 11.994 GC heap after
Heap after GC invocations=4 (full 0):
 PSYoungGen      total 132096K, used 5081K [0x00000000d7000000, 0x00000000df600000, 0x0000000100000000)
  eden space 126976K, 0% used [0x00000000d7000000,0x00000000d7000000,0x00000000dec00000)
  from space 5120K, 99% used [0x00000000df100000,0x00000000df5f6610,0x00000000df600000)
  to   space 5120K, 0% used [0x00000000dec00000,0x00000000dec00000,0x00000000df100000)
 ParOldGen       total 84992K, used 4835K [0x0000000085000000, 0x000000008a300000, 0x00000000d7000000)
  object space 84992K, 5% used [0x0000000085000000,0x00000000854b8c08,0x000000008a300000)
 Metaspace       used 20988K, capacity 21138K, committed 21296K, reserved 1067008K
  class space    used 2987K, capacity 3073K, committed 3120K, reserved 1048576K
}
Event: 11.994 GC heap before
{Heap before GC invocations=5 (full 1):
 PSYoungGen      total 132096K, used 5081K [0x00000000d7000000, 0x00000000df600000, 0x0000000100000000)
  eden space 126976K, 0% used [0x00000000d7000000,0x00000000d7000000,0x00000000dec00000)
  from space 5120K, 99% used [0x00000000df100000,0x00000000df5f6610,0x00000000df600000)
  to   space 5120K, 0% used [0x00000000dec00000,0x00000000dec00000,0x00000000df100000)
 ParOldGen       total 84992K, used 4835K [0x0000000085000000, 0x000000008a300000, 0x00000000d7000000)
  object space 84992K, 5% used [0x0000000085000000,0x00000000854b8c08,0x000000008a300000)
 Metaspace       used 20988K, capacity 21138K, committed 21296K, reserved 1067008K
  class space    used 2987K, capacity 3073K, committed 3120K, reserved 1048576K
Event: 12.040 GC heap after
Heap after GC invocations=5 (full 1):
 PSYoungGen      total 132096K, used 0K [0x00000000d7000000, 0x00000000df600000, 0x0000000100000000)
  eden space 126976K, 0% used [0x00000000d7000000,0x00000000d7000000,0x00000000dec00000)
  from space 5120K, 0% used [0x00000000df100000,0x00000000df100000,0x00000000df600000)
  to   space 5120K, 0% used [0x00000000dec00000,0x00000000dec00000,0x00000000df100000)
 ParOldGen       total 48640K, used 5035K [0x0000000085000000, 0x0000000087f80000, 0x00000000d7000000)
  object space 48640K, 10% used [0x0000000085000000,0x00000000854eade0,0x0000000087f80000)
 Metaspace       used 20988K, capacity 21138K, committed 21296K, reserved 1067008K
  class space    used 2987K, capacity 3073K, committed 3120K, reserved 1048576K
}
Event: 21.048 GC heap before
{Heap before GC invocations=6 (full 1):
 PSYoungGen      total 132096K, used 126976K [0x00000000d7000000, 0x00000000df600000, 0x0000000100000000)
  eden space 126976K, 100% used [0x00000000d7000000,0x00000000dec00000,0x00000000dec00000)
  from space 5120K, 0% used [0x00000000df100000,0x00000000df100000,0x00000000df600000)
  to   space 5120K, 0% used [0x00000000dec00000,0x00000000dec00000,0x00000000df100000)
 ParOldGen       total 48640K, used 5035K [0x0000000085000000, 0x0000000087f80000, 0x00000000d7000000)
  object space 48640K, 10% used [0x0000000085000000,0x00000000854eade0,0x0000000087f80000)
 Metaspace       used 31633K, capacity 31898K, committed 32304K, reserved 1077248K
  class space    used 4476K, capacity 4561K, committed 4656K, reserved 1048576K
Event: 21.066 GC heap after
Heap after GC invocations=6 (full 1):
 PSYoungGen      total 132096K, used 5107K [0x00000000d7000000, 0x00000000e6200000, 0x0000000100000000)
  eden space 126976K, 0% used [0x00000000d7000000,0x00000000d7000000,0x00000000dec00000)
  from space 5120K, 99% used [0x00000000dec00000,0x00000000df0fcd68,0x00000000df100000)
  to   space 14336K, 0% used [0x00000000e5400000,0x00000000e5400000,0x00000000e6200000)
 ParOldGen       total 48640K, used 14224K [0x0000000085000000, 0x0000000087f80000, 0x00000000d7000000)
  object space 48640K, 29% used [0x0000000085000000,0x0000000085de43d8,0x0000000087f80000)
 Metaspace       used 31633K, capacity 31898K, committed 32304K, reserved 1077248K
  class space    used 4476K, capacity 4561K, committed 4656K, reserved 1048576K
}
Event: 24.851 GC heap before
{Heap before GC invocations=7 (full 1):
 PSYoungGen      total 132096K, used 64615K [0x00000000d7000000, 0x00000000e6200000, 0x0000000100000000)
  eden space 126976K, 46% used [0x00000000d7000000,0x00000000daa1cf78,0x00000000dec00000)
  from space 5120K, 99% used [0x00000000dec00000,0x00000000df0fcd68,0x00000000df100000)
  to   space 14336K, 0% used [0x00000000e5400000,0x00000000e5400000,0x00000000e6200000)
 ParOldGen       total 48640K, used 14224K [0x0000000085000000, 0x0000000087f80000, 0x00000000d7000000)
  object space 48640K, 29% used [0x0000000085000000,0x0000000085de43d8,0x0000000087f80000)
 Metaspace       used 34958K, capacity 35130K, committed 35496K, reserved 1079296K
  class space    used 5080K, capacity 5169K, committed 5288K, reserved 1048576K
Event: 24.861 GC heap after
Heap after GC invocations=7 (full 1):
 PSYoungGen      total 222208K, used 8250K [0x00000000d7000000, 0x00000000e5c80000, 0x0000000100000000)
  eden space 213504K, 0% used [0x00000000d7000000,0x00000000d7000000,0x00000000e4080000)
  from space 8704K, 94% used [0x00000000e5400000,0x00000000e5c0e808,0x00000000e5c80000)
  to   space 13312K, 0% used [0x00000000e4280000,0x00000000e4280000,0x00000000e4f80000)
 ParOldGen       total 48640K, used 14232K [0x0000000085000000, 0x0000000087f80000, 0x00000000d7000000)
  object space 48640K, 29% used [0x0000000085000000,0x0000000085de63d8,0x0000000087f80000)
 Metaspace       used 34958K, capacity 35130K, committed 35496K, reserved 1079296K
  class space    used 5080K, capacity 5169K, committed 5288K, reserved 1048576K
}
Event: 24.861 GC heap before
{Heap before GC invocations=8 (full 2):
 PSYoungGen      total 222208K, used 8250K [0x00000000d7000000, 0x00000000e5c80000, 0x0000000100000000)
  eden space 213504K, 0% used [0x00000000d7000000,0x00000000d7000000,0x00000000e4080000)
  from space 8704K, 94% used [0x00000000e5400000,0x00000000e5c0e808,0x00000000e5c80000)
  to   space 13312K, 0% used [0x00000000e4280000,0x00000000e4280000,0x00000000e4f80000)
 ParOldGen       total 48640K, used 14232K [0x0000000085000000, 0x0000000087f80000, 0x00000000d7000000)
  object space 48640K, 29% used [0x0000000085000000,0x0000000085de63d8,0x0000000087f80000)
 Metaspace       used 34958K, capacity 35130K, committed 35496K, reserved 1079296K
  class space    used 5080K, capacity 5169K, committed 5288K, reserved 1048576K
Event: 24.914 GC heap after
Heap after GC invocations=8 (full 2):
 PSYoungGen      total 222208K, used 0K [0x00000000d7000000, 0x00000000e5c80000, 0x0000000100000000)
  eden space 213504K, 0% used [0x00000000d7000000,0x00000000d7000000,0x00000000e4080000)
  from space 8704K, 0% used [0x00000000e5400000,0x00000000e5400000,0x00000000e5c80000)
  to   space 13312K, 0% used [0x00000000e4280000,0x00000000e4280000,0x00000000e4f80000)
 ParOldGen       total 74240K, used 12521K [0x0000000085000000, 0x0000000089880000, 0x00000000d7000000)
  object space 74240K, 16% used [0x0000000085000000,0x0000000085c3a4e8,0x0000000089880000)
 Metaspace       used 34958K, capacity 35130K, committed 35496K, reserved 1079296K
  class space    used 5080K, capacity 5169K, committed 5288K, reserved 1048576K
}
Event: 48.800 GC heap before
{Heap before GC invocations=9 (full 2):
 PSYoungGen      total 222208K, used 213504K [0x00000000d7000000, 0x00000000e5c80000, 0x0000000100000000)
  eden space 213504K, 100% used [0x00000000d7000000,0x00000000e4080000,0x00000000e4080000)
  from space 8704K, 0% used [0x00000000e5400000,0x00000000e5400000,0x00000000e5c80000)
  to   space 13312K, 0% used [0x00000000e4280000,0x00000000e4280000,0x00000000e4f80000)
 ParOldGen       total 74240K, used 12521K [0x0000000085000000, 0x0000000089880000, 0x00000000d7000000)
  object space 74240K, 16% used [0x0000000085000000,0x0000000085c3a4e8,0x0000000089880000)
 Metaspace       used 47284K, capacity 47704K, committed 47912K, reserved 1089536K
  class space    used 7043K, capacity 7161K, committed 7208K, reserved 1048576K

Deoptimization events (10 events):
Event: 37.130 Thread 0x00007fc1740bf000 Uncommon trap: reason=class_check action=maybe_recompile pc=0x00007fc1c140c63c method=java.util.zip.InflaterInputStream.read([BII)I @ 100
Event: 37.131 Thread 0x00007fc1740bf000 Uncommon trap: reason=class_check action=maybe_recompile pc=0x00007fc1c140c63c method=java.util.zip.InflaterInputStream.read([BII)I @ 100
Event: 37.131 Thread 0x00007fc1740bf000 Uncommon trap: reason=class_check action=maybe_recompile pc=0x00007fc1c140c63c method=java.util.zip.InflaterInputStream.read([BII)I @ 100
Event: 38.497 Thread 0x00007fc19808f000 Uncommon trap: reason=unstable_if action=reinterpret pc=0x00007fc1c1443c8c method=java.io.UnixFileSystem.getBooleanAttributes(Ljava/io/File;)I @ 25
Event: 42.643 Thread 0x00007fc1740bf000 Uncommon trap: reason=unstable_if action=reinterpret pc=0x00007fc1c16a1ddc method=java.io.ObjectOutputStream$BlockDataOutputStream.write([BIIZ)V @ 49
Event: 44.807 Thread 0x00007fc1d0016000 Uncommon trap: reason=bimorphic action=maybe_recompile pc=0x00007fc1c12a6908 method=java.net.URL.<init>(Ljava/net/URL;Ljava/lang/String;Ljava/net/URLStreamHandler;)V @ 504
Event: 44.809 Thread 0x00007fc1d0016000 Uncommon trap: reason=bimorphic action=maybe_recompile pc=0x00007fc1c12a6908 method=java.net.URL.<init>(Ljava/net/URL;Ljava/lang/String;Ljava/net/URLStreamHandler;)V @ 504
Event: 44.816 Thread 0x00007fc1d0016000 Uncommon trap: reason=bimorphic action=maybe_recompile pc=0x00007fc1c12a6908 method=java.net.URL.<init>(Ljava/net/URL;Ljava/lang/String;Ljava/net/URLStreamHandler;)V @ 504
Event: 44.818 Thread 0x00007fc1d0016000 Uncommon trap: reason=bimorphic action=maybe_recompile pc=0x00007fc1c12a6908 method=java.net.URL.<init>(Ljava/net/URL;Ljava/lang/String;Ljava/net/URLStreamHandler;)V @ 504
Event: 44.839 Thread 0x00007fc1d0016000 Uncommon trap: reason=bimorphic action=maybe_recompile pc=0x00007fc1c12a6908 method=java.net.URL.<init>(Ljava/net/URL;Ljava/lang/String;Ljava/net/URLStreamHandler;)V @ 504

Classes redefined (0 events):
No events

Internal exceptions (10 events):
Event: 36.019 Thread 0x00007fc1d11c5800 Exception <a 'java/lang/NoSuchMethodError': <clinit>> (0x00000000dde55158) thrown at [/HUDSON/workspace/8-2-build-linux-amd64/jdk8u171/10807/hotspot/src/share/vm/prims/jni.cpp, line 1613]
Event: 42.295 Thread 0x00007fc1740bf000 Exception <a 'java/lang/NoSuchMethodError': <clinit>> (0x00000000e1849f58) thrown at [/HUDSON/workspace/8-2-build-linux-amd64/jdk8u171/10807/hotspot/src/share/vm/prims/jni.cpp, line 1613]
Event: 42.295 Thread 0x00007fc1740bf000 Exception <a 'java/lang/NoSuchMethodError': <clinit>> (0x00000000e184af48) thrown at [/HUDSON/workspace/8-2-build-linux-amd64/jdk8u171/10807/hotspot/src/share/vm/prims/jni.cpp, line 1613]
Event: 42.297 Thread 0x00007fc1740bf000 Exception <a 'java/lang/NoSuchMethodError': <clinit>> (0x00000000e1854f50) thrown at [/HUDSON/workspace/8-2-build-linux-amd64/jdk8u171/10807/hotspot/src/share/vm/prims/jni.cpp, line 1613]
Event: 42.340 Thread 0x00007fc1740bf000 Exception <a 'java/lang/NoSuchMethodError': <clinit>> (0x00000000e1882978) thrown at [/HUDSON/workspace/8-2-build-linux-amd64/jdk8u171/10807/hotspot/src/share/vm/prims/jni.cpp, line 1613]
Event: 42.342 Thread 0x00007fc1740bf000 Exception <a 'java/lang/NoSuchMethodError': <clinit>> (0x00000000e188d238) thrown at [/HUDSON/workspace/8-2-build-linux-amd64/jdk8u171/10807/hotspot/src/share/vm/prims/jni.cpp, line 1613]
Event: 42.344 Thread 0x00007fc1740bf000 Exception <a 'java/lang/NoSuchMethodError': <clinit>> (0x00000000e189dd40) thrown at [/HUDSON/workspace/8-2-build-linux-amd64/jdk8u171/10807/hotspot/src/share/vm/prims/jni.cpp, line 1613]
Event: 42.345 Thread 0x00007fc1740bf000 Exception <a 'java/lang/NoSuchMethodError': <clinit>> (0x00000000e18a75a8) thrown at [/HUDSON/workspace/8-2-build-linux-amd64/jdk8u171/10807/hotspot/src/share/vm/prims/jni.cpp, line 1613]
Event: 42.347 Thread 0x00007fc1740bf000 Exception <a 'java/lang/NoSuchMethodError': <clinit>> (0x00000000e18b2480) thrown at [/HUDSON/workspace/8-2-build-linux-amd64/jdk8u171/10807/hotspot/src/share/vm/prims/jni.cpp, line 1613]
Event: 42.641 Thread 0x00007fc1740bf000 Exception <a 'java/lang/NoSuchMethodError': <clinit>> (0x00000000e18d4b20) thrown at [/HUDSON/workspace/8-2-build-linux-amd64/jdk8u171/10807/hotspot/src/share/vm/prims/jni.cpp, line 1613]

Events (10 events):
Event: 48.080 loading class org/apache/spark/sql/catalyst/plans/logical/ScriptTransformation done
Event: 48.293 loading class org/apache/spark/sql/catalyst/plans/logical/Generate
Event: 48.293 loading class org/apache/spark/sql/catalyst/plans/logical/Generate done
Event: 48.351 loading class org/apache/spark/sql/catalyst/plans/logical/Intersect
Event: 48.351 loading class org/apache/spark/sql/catalyst/plans/logical/Intersect done
Event: 48.352 loading class org/apache/spark/sql/catalyst/plans/logical/SetOperation
Event: 48.352 loading class org/apache/spark/sql/catalyst/plans/logical/SetOperation done
Event: 48.353 loading class org/apache/spark/sql/catalyst/plans/logical/Except
Event: 48.353 loading class org/apache/spark/sql/catalyst/plans/logical/Except done
Event: 48.719 Executing VM operation: ParallelGCFailedAllocation


Dynamic libraries:
00400000-00401000 r-xp 00000000 08:07 1070090                            /usr/lib/jvm/java-8-oracle/bin/java
00600000-00601000 rw-p 00000000 08:07 1070090                            /usr/lib/jvm/java-8-oracle/bin/java
01328000-01349000 rw-p 00000000 00:00 0                                  [heap]
85000000-89880000 rw-p 00000000 00:00 0 
89880000-d7000000 ---p 00000000 00:00 0 
d7000000-e5c80000 rw-p 00000000 00:00 0 
ee880000-100000000 ---p 00000000 00:00 0 
100000000-10070a000 rw-p 00000000 00:00 0 
10070a000-140000000 ---p 00000000 00:00 0 
7fc138000000-7fc138021000 rw-p 00000000 00:00 0 
7fc138021000-7fc13c000000 ---p 00000000 00:00 0 
7fc13e4ea000-7fc13e6aa000 rw-p 00000000 00:00 0 
7fc13e6aa000-7fc13e6ed000 ---p 00000000 00:00 0 
7fc13e6ed000-7fc13e7eb000 rw-p 00000000 00:00 0 
7fc13e7eb000-7fc13e7ee000 ---p 00000000 00:00 0 
7fc13e7ee000-7fc13eaec000 rw-p 00000000 00:00 0 
7fc13eaec000-7fc13eaef000 ---p 00000000 00:00 0 
7fc13eaef000-7fc13ebed000 rw-p 00000000 00:00 0 
7fc13ebed000-7fc13ebfa000 r-xp 00000000 08:07 1479856                    /tmp/liblz4-java8124314323714478892.so
7fc13ebfa000-7fc13edf9000 ---p 0000d000 08:07 1479856                    /tmp/liblz4-java8124314323714478892.so
7fc13edf9000-7fc13edfa000 rw-p 0000c000 08:07 1479856                    /tmp/liblz4-java8124314323714478892.so
7fc13edfa000-7fc13effa000 rw-p 00000000 00:00 0 
7fc13effa000-7fc13f1fa000 rw-p 00000000 00:00 0 
7fc13f1fa000-7fc13f3fa000 rw-p 00000000 00:00 0 
7fc13f3fa000-7fc13f3fd000 ---p 00000000 00:00 0 
7fc13f3fd000-7fc13f4fb000 rw-p 00000000 00:00 0 
7fc13f4fb000-7fc13f4fe000 ---p 00000000 00:00 0 
7fc13f4fe000-7fc13f7fc000 rw-p 00000000 00:00 0 
7fc13f7fc000-7fc13f9fc000 rw-p 00000000 00:00 0 
7fc13f9fc000-7fc13f9ff000 ---p 00000000 00:00 0 
7fc13f9ff000-7fc13fcfd000 rw-p 00000000 00:00 0 
7fc13fcfd000-7fc13fd00000 ---p 00000000 00:00 0 
7fc13fd00000-7fc13fdfe000 rw-p 00000000 00:00 0 
7fc13fdfe000-7fc13fe01000 ---p 00000000 00:00 0 
7fc13fe01000-7fc13feff000 rw-p 00000000 00:00 0 
7fc13feff000-7fc13ff02000 ---p 00000000 00:00 0 
7fc13ff02000-7fc140000000 rw-p 00000000 00:00 0 
7fc140000000-7fc140021000 rw-p 00000000 00:00 0 
7fc140021000-7fc144000000 ---p 00000000 00:00 0 
7fc144000000-7fc144021000 rw-p 00000000 00:00 0 
7fc144021000-7fc148000000 ---p 00000000 00:00 0 
7fc148000000-7fc148021000 rw-p 00000000 00:00 0 
7fc148021000-7fc14c000000 ---p 00000000 00:00 0 
7fc14c000000-7fc14c021000 rw-p 00000000 00:00 0 
7fc14c021000-7fc150000000 ---p 00000000 00:00 0 
7fc150000000-7fc150021000 rw-p 00000000 00:00 0 
7fc150021000-7fc154000000 ---p 00000000 00:00 0 
7fc154000000-7fc154021000 rw-p 00000000 00:00 0 
7fc154021000-7fc158000000 ---p 00000000 00:00 0 
7fc158000000-7fc158021000 rw-p 00000000 00:00 0 
7fc158021000-7fc15c000000 ---p 00000000 00:00 0 
7fc15c000000-7fc15c021000 rw-p 00000000 00:00 0 
7fc15c021000-7fc160000000 ---p 00000000 00:00 0 
7fc160000000-7fc160082000 rw-p 00000000 00:00 0 
7fc160082000-7fc164000000 ---p 00000000 00:00 0 
7fc164000000-7fc164021000 rw-p 00000000 00:00 0 
7fc164021000-7fc168000000 ---p 00000000 00:00 0 
7fc168000000-7fc168021000 rw-p 00000000 00:00 0 
7fc168021000-7fc16c000000 ---p 00000000 00:00 0 
7fc16c000000-7fc16c02f000 rw-p 00000000 00:00 0 
7fc16c02f000-7fc170000000 ---p 00000000 00:00 0 
7fc170000000-7fc170021000 rw-p 00000000 00:00 0 
7fc170021000-7fc174000000 ---p 00000000 00:00 0 
7fc174000000-7fc1740e9000 rw-p 00000000 00:00 0 
7fc1740e9000-7fc178000000 ---p 00000000 00:00 0 
7fc178000000-7fc17806b000 rw-p 00000000 00:00 0 
7fc17806b000-7fc17c000000 ---p 00000000 00:00 0 
7fc17c000000-7fc17c021000 rw-p 00000000 00:00 0 
7fc17c021000-7fc180000000 ---p 00000000 00:00 0 
7fc180087000-7fc180287000 rw-p 00000000 00:00 0 
7fc1802f4000-7fc1802f7000 ---p 00000000 00:00 0 
7fc1802f7000-7fc1803f5000 rw-p 00000000 00:00 0 
7fc1803f5000-7fc1803f8000 ---p 00000000 00:00 0 
7fc1803f8000-7fc1804f6000 rw-p 00000000 00:00 0 
7fc1804f6000-7fc1804f9000 ---p 00000000 00:00 0 
7fc1804f9000-7fc1805f7000 rw-p 00000000 00:00 0 
7fc1805f7000-7fc1805fa000 ---p 00000000 00:00 0 
7fc1805fa000-7fc1806f8000 rw-p 00000000 00:00 0 
7fc1806f8000-7fc1806fb000 ---p 00000000 00:00 0 
7fc1806fb000-7fc1807f9000 rw-p 00000000 00:00 0 
7fc1807f9000-7fc1807fc000 ---p 00000000 00:00 0 
7fc1807fc000-7fc1808fa000 rw-p 00000000 00:00 0 
7fc1808fa000-7fc1808fd000 ---p 00000000 00:00 0 
7fc1808fd000-7fc1809fb000 rw-p 00000000 00:00 0 
7fc1809fb000-7fc1809fe000 ---p 00000000 00:00 0 
7fc1809fe000-7fc180cfc000 rw-p 00000000 00:00 0 
7fc180cfc000-7fc180cff000 ---p 00000000 00:00 0 
7fc180cff000-7fc180dfd000 rw-p 00000000 00:00 0 
7fc180dfd000-7fc180e00000 ---p 00000000 00:00 0 
7fc180e00000-7fc180efe000 rw-p 00000000 00:00 0 
7fc180efe000-7fc180f01000 ---p 00000000 00:00 0 
7fc180f01000-7fc184000000 rw-p 00000000 00:00 0 
7fc184000000-7fc184578000 rw-p 00000000 00:00 0 
7fc184578000-7fc188000000 ---p 00000000 00:00 0 
7fc188000000-7fc188021000 rw-p 00000000 00:00 0 
7fc188021000-7fc18c000000 ---p 00000000 00:00 0 
7fc18c000000-7fc18e46f000 rw-p 00000000 00:00 0 
7fc18e46f000-7fc190000000 ---p 00000000 00:00 0 
7fc190000000-7fc19211a000 rw-p 00000000 00:00 0 
7fc19211a000-7fc194000000 ---p 00000000 00:00 0 
7fc194000000-7fc1940cf000 rw-p 00000000 00:00 0 
7fc1940cf000-7fc198000000 ---p 00000000 00:00 0 
7fc198000000-7fc19809b000 rw-p 00000000 00:00 0 
7fc19809b000-7fc19c000000 ---p 00000000 00:00 0 
7fc19c000000-7fc19c021000 rw-p 00000000 00:00 0 
7fc19c021000-7fc1a0000000 ---p 00000000 00:00 0 
7fc1a0000000-7fc1a0021000 rw-p 00000000 00:00 0 
7fc1a0021000-7fc1a4000000 ---p 00000000 00:00 0 
7fc1a4000000-7fc1a4021000 rw-p 00000000 00:00 0 
7fc1a4021000-7fc1a8000000 ---p 00000000 00:00 0 
7fc1a8000000-7fc1a8290000 rw-p 00000000 00:00 0 
7fc1a8290000-7fc1ac000000 ---p 00000000 00:00 0 
7fc1ac000000-7fc1ac021000 rw-p 00000000 00:00 0 
7fc1ac021000-7fc1b0000000 ---p 00000000 00:00 0 
7fc1b00d0000-7fc1b00d3000 ---p 00000000 00:00 0 
7fc1b00d3000-7fc1b01d1000 rw-p 00000000 00:00 0 
7fc1b01d1000-7fc1b01d4000 ---p 00000000 00:00 0 
7fc1b01d4000-7fc1b02d2000 rw-p 00000000 00:00 0 
7fc1b02d2000-7fc1b02d5000 ---p 00000000 00:00 0 
7fc1b02d5000-7fc1b03d3000 rw-p 00000000 00:00 0 
7fc1b03d3000-7fc1b03d6000 ---p 00000000 00:00 0 
7fc1b03d6000-7fc1b04d4000 rw-p 00000000 00:00 0 
7fc1b04d4000-7fc1b04d7000 ---p 00000000 00:00 0 
7fc1b04d7000-7fc1b07d5000 rw-p 00000000 00:00 0 
7fc1b07d5000-7fc1b07d8000 ---p 00000000 00:00 0 
7fc1b07d8000-7fc1b08d6000 rw-p 00000000 00:00 0 
7fc1b08d6000-7fc1b08d9000 ---p 00000000 00:00 0 
7fc1b08d9000-7fc1b09d7000 rw-p 00000000 00:00 0 
7fc1b09d7000-7fc1b09da000 ---p 00000000 00:00 0 
7fc1b09da000-7fc1b0ad8000 rw-p 00000000 00:00 0 
7fc1b0ad8000-7fc1b0adb000 ---p 00000000 00:00 0 
7fc1b0adb000-7fc1b0bd9000 rw-p 00000000 00:00 0 
7fc1b0bd9000-7fc1b0bdc000 ---p 00000000 00:00 0 
7fc1b0bdc000-7fc1b0cda000 rw-p 00000000 00:00 0 
7fc1b0cda000-7fc1b0cdd000 ---p 00000000 00:00 0 
7fc1b0cdd000-7fc1b0ddb000 rw-p 00000000 00:00 0 
7fc1b0ddb000-7fc1b0dde000 ---p 00000000 00:00 0 
7fc1b0dde000-7fc1b0edc000 rw-p 00000000 00:00 0 
7fc1b0edc000-7fc1b0edf000 ---p 00000000 00:00 0 
7fc1b0edf000-7fc1b0fdd000 rw-p 00000000 00:00 0 
7fc1b0fdd000-7fc1b0fe0000 ---p 00000000 00:00 0 
7fc1b0fe0000-7fc1b10de000 rw-p 00000000 00:00 0 
7fc1b10de000-7fc1b10e1000 ---p 00000000 00:00 0 
7fc1b10e1000-7fc1b13df000 rw-p 00000000 00:00 0 
7fc1b13df000-7fc1b13f0000 r-xp 00000000 08:07 411011                     /usr/lib/jvm/java-8-oracle/jre/lib/amd64/libnio.so
7fc1b13f0000-7fc1b15ef000 ---p 00011000 08:07 411011                     /usr/lib/jvm/java-8-oracle/jre/lib/amd64/libnio.so
7fc1b15ef000-7fc1b15f0000 rw-p 00010000 08:07 411011                     /usr/lib/jvm/java-8-oracle/jre/lib/amd64/libnio.so
7fc1b15f0000-7fc1b15f3000 ---p 00000000 00:00 0 
7fc1b15f3000-7fc1b16f1000 rw-p 00000000 00:00 0 
7fc1b16f1000-7fc1b16f4000 ---p 00000000 00:00 0 
7fc1b16f4000-7fc1b17f2000 rw-p 00000000 00:00 0 
7fc1b17f2000-7fc1b17f5000 ---p 00000000 00:00 0 
7fc1b17f5000-7fc1b1af3000 rw-p 00000000 00:00 0 
7fc1b1af3000-7fc1b1af4000 r-xp 00000000 08:07 410993                     /usr/lib/jvm/java-8-oracle/jre/lib/amd64/libjaas_unix.so
7fc1b1af4000-7fc1b1cf3000 ---p 00001000 08:07 410993                     /usr/lib/jvm/java-8-oracle/jre/lib/amd64/libjaas_unix.so
7fc1b1cf3000-7fc1b1cf4000 rw-p 00000000 08:07 410993                     /usr/lib/jvm/java-8-oracle/jre/lib/amd64/libjaas_unix.so
7fc1b1cf4000-7fc1b1cf7000 ---p 00000000 00:00 0 
7fc1b1cf7000-7fc1b1df5000 rw-p 00000000 00:00 0 
7fc1b1df5000-7fc1b1df8000 ---p 00000000 00:00 0 
7fc1b1df8000-7fc1b202e000 rw-p 00000000 00:00 0 
7fc1b202e000-7fc1b222e000 rw-p 00000000 00:00 0 
7fc1b222e000-7fc1b2237000 r-xp 00000000 08:07 411016                     /usr/lib/jvm/java-8-oracle/jre/lib/amd64/libmanagement.so
7fc1b2237000-7fc1b2436000 ---p 00009000 08:07 411016                     /usr/lib/jvm/java-8-oracle/jre/lib/amd64/libmanagement.so
7fc1b2436000-7fc1b2437000 rw-p 00008000 08:07 411016                     /usr/lib/jvm/java-8-oracle/jre/lib/amd64/libmanagement.so
7fc1b2437000-7fc1b244e000 r-xp 00000000 08:07 398782                     /lib/x86_64-linux-gnu/libresolv-2.23.so
7fc1b244e000-7fc1b264e000 ---p 00017000 08:07 398782                     /lib/x86_64-linux-gnu/libresolv-2.23.so
7fc1b264e000-7fc1b264f000 r--p 00017000 08:07 398782                     /lib/x86_64-linux-gnu/libresolv-2.23.so
7fc1b264f000-7fc1b2650000 rw-p 00018000 08:07 398782                     /lib/x86_64-linux-gnu/libresolv-2.23.so
7fc1b2650000-7fc1b2652000 rw-p 00000000 00:00 0 
7fc1b2652000-7fc1b2657000 r-xp 00000000 08:07 398727                     /lib/x86_64-linux-gnu/libnss_dns-2.23.so
7fc1b2657000-7fc1b2857000 ---p 00005000 08:07 398727                     /lib/x86_64-linux-gnu/libnss_dns-2.23.so
7fc1b2857000-7fc1b2858000 r--p 00005000 08:07 398727                     /lib/x86_64-linux-gnu/libnss_dns-2.23.so
7fc1b2858000-7fc1b2859000 rw-p 00006000 08:07 398727                     /lib/x86_64-linux-gnu/libnss_dns-2.23.so
7fc1b2859000-7fc1b285b000 r-xp 00000000 08:07 398735                     /lib/x86_64-linux-gnu/libnss_mdns4_minimal.so.2
7fc1b285b000-7fc1b2a5a000 ---p 00002000 08:07 398735                     /lib/x86_64-linux-gnu/libnss_mdns4_minimal.so.2
7fc1b2a5a000-7fc1b2a5b000 r--p 00001000 08:07 398735                     /lib/x86_64-linux-gnu/libnss_mdns4_minimal.so.2
7fc1b2a5b000-7fc1b2a5c000 rw-p 00002000 08:07 398735                     /lib/x86_64-linux-gnu/libnss_mdns4_minimal.so.2
7fc1b2a6c000-7fc1b2a71000 r--s 0009d000 08:07 1502403                    /usr/lib/jvm/java-8-oracle/jre/lib/jsse.jar
7fc1b2a71000-7fc1b2a74000 r--s 0001a000 08:07 1502409                    /usr/lib/jvm/java-8-oracle/jre/lib/jce.jar
7fc1b2a74000-7fc1b2c74000 rw-p 00000000 00:00 0 
7fc1b2c74000-7fc1b2c77000 ---p 00000000 00:00 0 
7fc1b2c77000-7fc1b2d75000 rw-p 00000000 00:00 0 
7fc1b2d75000-7fc1b2d8b000 r-xp 00000000 08:07 411008                     /usr/lib/jvm/java-8-oracle/jre/lib/amd64/libnet.so
7fc1b2d8b000-7fc1b2f8b000 ---p 00016000 08:07 411008                     /usr/lib/jvm/java-8-oracle/jre/lib/amd64/libnet.so
7fc1b2f8b000-7fc1b2f8c000 rw-p 00016000 08:07 411008                     /usr/lib/jvm/java-8-oracle/jre/lib/amd64/libnet.so
7fc1b2f8c000-7fc1b2f8d000 ---p 00000000 00:00 0 
7fc1b2f8d000-7fc1b308d000 rw-p 00000000 00:00 0 
7fc1b308d000-7fc1b3090000 ---p 00000000 00:00 0 
7fc1b3090000-7fc1b318e000 rw-p 00000000 00:00 0 
7fc1b318e000-7fc1b3191000 ---p 00000000 00:00 0 
7fc1b3191000-7fc1b328f000 rw-p 00000000 00:00 0 
7fc1b328f000-7fc1b3292000 ---p 00000000 00:00 0 
7fc1b3292000-7fc1b3390000 rw-p 00000000 00:00 0 
7fc1b3390000-7fc1b3393000 ---p 00000000 00:00 0 
7fc1b3393000-7fc1b3491000 rw-p 00000000 00:00 0 
7fc1b3491000-7fc1b3494000 ---p 00000000 00:00 0 
7fc1b3494000-7fc1b3592000 rw-p 00000000 00:00 0 
7fc1b3592000-7fc1b3594000 r--s 0001a000 08:07 810418                     /opt/idea-IC-183.4588.61/lib/idea_rt.jar
7fc1b3594000-7fc1b3597000 r--s 00019000 08:07 1346053                    /home/kishan/.m2/repository/org/hamcrest/hamcrest-library/1.1/hamcrest-library-1.1.jar
7fc1b3597000-7fc1b3599000 r--s 00011000 08:07 1346056                    /home/kishan/.m2/repository/org/hamcrest/hamcrest-core/1.1/hamcrest-core-1.1.jar
7fc1b3599000-7fc1b359d000 r--s 0002f000 08:07 1346049                    /home/kishan/.m2/repository/org/jmock/jmock/2.4.0/jmock-2.4.0.jar
7fc1b359d000-7fc1b35ad000 r--s 00089000 08:07 1346047                    /home/kishan/.m2/repository/org/scalacheck/scalacheck/1.2/scalacheck-1.2.jar
7fc1b35ad000-7fc1b35b3000 r--s 0004f000 08:07 1346045                    /home/kishan/.m2/repository/org/scalatest/scalatest/0.9.1/scalatest-0.9.1.jar
7fc1b35b3000-7fc1b35c2000 r--s 0009d000 08:07 1346043                    /home/kishan/.m2/repository/org/specs/specs/1.2.5/specs-1.2.5.jar
7fc1b35c2000-7fc1b35c7000 r--s 00023000 08:07 151190                     /home/kishan/.m2/repository/junit/junit/4.4/junit-4.4.jar
7fc1b35c7000-7fc1b35c9000 r--s 00027000 08:07 410351                     /home/kishan/.m2/repository/net/jpountz/lz4/lz4/1.2.0/lz4-1.2.0.jar
7fc1b35c9000-7fc1b35d0000 r--s 00049000 08:07 1070493                    /home/kishan/.m2/repository/org/apache/kafka/kafka-clients/0.8.2.1/kafka-clients-0.8.2.1.jar
7fc1b35d0000-7fc1b35d2000 r--s 0000e000 08:07 1070495                    /home/kishan/.m2/repository/com/101tec/zkclient/0.3/zkclient-0.3.jar
7fc1b35d2000-7fc1b35d5000 r--s 00012000 08:07 814184                     /home/kishan/.m2/repository/com/yammer/metrics/metrics-core/2.2.0/metrics-core-2.2.0.jar
7fc1b35d5000-7fc1b35df000 r--s 00095000 08:07 1070582                    /home/kishan/.m2/repository/org/scala-lang/modules/scala-xml_2.11/1.0.2/scala-xml_2.11-1.0.2.jar
7fc1b35df000-7fc1b3627000 r--s 0037e000 08:07 1057383                    /home/kishan/.m2/repository/org/apache/kafka/kafka_2.11/0.8.2.1/kafka_2.11-0.8.2.1.jar
7fc1b3627000-7fc1b362e000 r--s 00040000 08:07 135658                     /home/kishan/.m2/repository/org/apache/spark/spark-streaming-kafka_2.11/1.6.3/spark-streaming-kafka_2.11-1.6.3.jar
7fc1b362e000-7fc1b365d000 r--s 001e3000 08:07 152260                     /home/kishan/.m2/repository/org/apache/spark/spark-streaming_2.11/2.3.0/spark-streaming_2.11-2.3.0.jar
7fc1b365d000-7fc1b3678000 r--s 00150000 08:07 935617                     /home/kishan/.m2/repository/org/mongodb/mongo-java-driver/3.2.2/mongo-java-driver-3.2.2.jar
7fc1b3678000-7fc1b3685000 r--s 00093000 08:07 935615                     /home/kishan/.m2/repository/org/mongodb/spark/mongo-spark-connector_2.10/1.1.0/mongo-spark-connector_2.10-1.1.0.jar
7fc1b3685000-7fc1b3696000 r--s 000c8000 08:07 555916                     /home/kishan/.m2/repository/org/elasticsearch/elasticsearch-hadoop/6.2.1/elasticsearch-hadoop-6.2.1.jar
7fc1b3696000-7fc1b369a000 r--s 000d5000 08:07 559237                     /home/kishan/.m2/repository/org/elasticsearch/jna/4.5.1/jna-4.5.1.jar
7fc1b369a000-7fc1b36a0000 r--s 0003b000 08:07 559235                     /home/kishan/.m2/repository/org/apache/logging/log4j/log4j-api/2.11.1/log4j-api-2.11.1.jar
7fc1b36a0000-7fc1b36a2000 r--s 0001a000 08:07 528751                     /home/kishan/.m2/repository/org/hdrhistogram/HdrHistogram/2.1.9/HdrHistogram-2.1.9.jar
7fc1b36a2000-7fc1b36a4000 r--s 0000b000 08:07 135568                     /home/kishan/.m2/repository/com/tdunning/t-digest/3.2/t-digest-3.2.jar
7fc1b36a4000-7fc1b36bb000 r--s 00100000 08:07 155495                     /home/kishan/.m2/repository/com/carrotsearch/hppc/0.7.1/hppc-0.7.1.jar
7fc1b36bb000-7fc1b36be000 r--s 00011000 08:07 935607                     /home/kishan/.m2/repository/net/sf/jopt-simple/jopt-simple/5.0.2/jopt-simple-5.0.2.jar
7fc1b36be000-7fc1b36bf000 r--s 00003000 08:07 554607                     /home/kishan/.m2/repository/org/elasticsearch/elasticsearch-cli/6.6.0/elasticsearch-cli-6.6.0.jar
7fc1b36bf000-7fc1b36c4000 r--s 00038000 08:07 1336053                    /home/kishan/.m2/repository/org/apache/lucene/lucene-suggest/7.6.0/lucene-suggest-7.6.0.jar
7fc1b36c4000-7fc1b36c9000 r--s 00045000 08:07 1336051                    /home/kishan/.m2/repository/org/apache/lucene/lucene-spatial3d/7.6.0/lucene-spatial3d-7.6.0.jar
7fc1b36c9000-7fc1b36ce000 r--s 00035000 08:07 1336037                    /home/kishan/.m2/repository/org/apache/lucene/lucene-spatial-extras/7.6.0/lucene-spatial-extras-7.6.0.jar
7fc1b36ce000-7fc1b36cf000 r--s 00003000 08:07 1336047                    /home/kishan/.m2/repository/org/apache/lucene/lucene-spatial/7.6.0/lucene-spatial-7.6.0.jar
7fc1b36cf000-7fc1b36d4000 r--s 0003f000 08:07 1336045                    /home/kishan/.m2/repository/org/apache/lucene/lucene-sandbox/7.6.0/lucene-sandbox-7.6.0.jar
7fc1b36d4000-7fc1b36de000 r--s 00054000 08:07 1336043                    /home/kishan/.m2/repository/org/apache/lucene/lucene-queryparser/7.6.0/lucene-queryparser-7.6.0.jar
7fc1b36de000-7fc1b36e5000 r--s 0003a000 08:07 1336041                    /home/kishan/.m2/repository/org/apache/lucene/lucene-queries/7.6.0/lucene-queries-7.6.0.jar
7fc1b36e5000-7fc1b36e8000 r--s 00015000 08:07 1336039                    /home/kishan/.m2/repository/org/apache/lucene/lucene-misc/7.6.0/lucene-misc-7.6.0.jar
7fc1b36e8000-7fc1b36ea000 r--s 0000b000 08:07 1336038                    /home/kishan/.m2/repository/org/apache/lucene/lucene-memory/7.6.0/lucene-memory-7.6.0.jar
7fc1b36ea000-7fc1b36ee000 r--s 00020000 08:07 1336035                    /home/kishan/.m2/repository/org/apache/lucene/lucene-join/7.6.0/lucene-join-7.6.0.jar
7fc1b36ee000-7fc1b36f3000 r--s 0002e000 08:07 1336034                    /home/kishan/.m2/repository/org/apache/lucene/lucene-highlighter/7.6.0/lucene-highlighter-7.6.0.jar
7fc1b36f3000-7fc1b36f6000 r--s 00013000 08:07 1336031                    /home/kishan/.m2/repository/org/apache/lucene/lucene-grouping/7.6.0/lucene-grouping-7.6.0.jar
7fc1b36f6000-7fc1b36f9000 r--s 00016000 08:07 1336029                    /home/kishan/.m2/repository/org/apache/lucene/lucene-backward-codecs/7.6.0/lucene-backward-codecs-7.6.0.jar
7fc1b36f9000-7fc1b370b000 r--s 00184000 08:07 1336027                    /home/kishan/.m2/repository/org/apache/lucene/lucene-analyzers-common/7.6.0/lucene-analyzers-common-7.6.0.jar
7fc1b370b000-7fc1b373d000 r--s 002ba000 08:07 1336025                    /home/kishan/.m2/repository/org/apache/lucene/lucene-core/7.6.0/lucene-core-7.6.0.jar
7fc1b373d000-7fc1b373f000 r--s 0000b000 08:07 135566                     /home/kishan/.m2/repository/com/fasterxml/jackson/dataformat/jackson-dataformat-cbor/2.8.11/jackson-dataformat-cbor-2.8.11.jar
7fc1b373f000-7fc1b3740000 r--s 00009000 08:07 135564                     /home/kishan/.m2/repository/com/fasterxml/jackson/dataformat/jackson-dataformat-yaml/2.8.11/jackson-dataformat-yaml-2.8.11.jar
7fc1b3740000-7fc1b3742000 r--s 00011000 08:07 135562                     /home/kishan/.m2/repository/com/fasterxml/jackson/dataformat/jackson-dataformat-smile/2.8.11/jackson-dataformat-smile-2.8.11.jar
7fc1b3742000-7fc1b3748000 r--s 0003d000 08:07 1057355                    /home/kishan/.m2/repository/org/yaml/snakeyaml/1.17/snakeyaml-1.17.jar
7fc1b3748000-7fc1b374b000 r--s 0001a000 08:07 554610                     /home/kishan/.m2/repository/org/elasticsearch/elasticsearch-x-content/6.6.0/elasticsearch-x-content-6.6.0.jar
7fc1b374b000-7fc1b374c000 r--s 00002000 08:07 554612                     /home/kishan/.m2/repository/org/elasticsearch/elasticsearch-secure-sm/6.6.0/elasticsearch-secure-sm-6.6.0.jar
7fc1b374c000-7fc1b374d000 r--s 00008000 08:07 554608                     /home/kishan/.m2/repository/org/elasticsearch/elasticsearch-core/6.6.0/elasticsearch-core-6.6.0.jar
7fc1b374d000-7fc1b37f1000 r--s 00971000 08:07 554605                     /home/kishan/.m2/repository/org/elasticsearch/elasticsearch/6.6.0/elasticsearch-6.6.0.jar
7fc1b37f1000-7fc1b3820000 r--s 002e5000 08:07 1311892                    /home/kishan/.m2/repository/org/apache/derby/derby/10.12.1.1/derby-10.12.1.1.jar
7fc1b3820000-7fc1b3827000 r--s 00046000 08:07 1311893                    /home/kishan/.m2/repository/org/apache/thrift/libfb303/0.9.3/libfb303-0.9.3.jar
7fc1b3827000-7fc1b382d000 r--s 00034000 08:07 1311895                    /home/kishan/.m2/repository/org/apache/thrift/libthrift/0.9.3/libthrift-0.9.3.jar
7fc1b382d000-7fc1b3845000 r--s 001b6000 08:07 1070525                    /home/kishan/.m2/repository/org/datanucleus/datanucleus-core/3.2.10/datanucleus-core-3.2.10.jar
7fc1b3845000-7fc1b384b000 r--s 00063000 08:07 1070523                    /home/kishan/.m2/repository/org/jodd/jodd-core/3.5.2/jodd-core-3.5.2.jar
7fc1b384b000-7fc1b385c000 r--s 00089000 08:07 788638                     /home/kishan/.m2/repository/joda-time/joda-time/2.9.3/joda-time-2.9.3.jar
7fc1b385c000-7fc1b3863000 r--s 0003f000 08:07 410381                     /home/kishan/.m2/repository/commons-codec/commons-codec/1.10/commons-codec-1.10.jar
7fc1b3863000-7fc1b3871000 r--s 000b1000 08:07 151172                     /home/kishan/.m2/repository/org/codehaus/jackson/jackson-mapper-asl/1.9.13/jackson-mapper-asl-1.9.13.jar
7fc1b3871000-7fc1b387e000 r--s 000b2000 08:07 135447                     /home/kishan/.m2/repository/org/apache/httpcomponents/httpclient/4.5.4/httpclient-4.5.4.jar
7fc1b387e000-7fc1b387f000 r--s 00004000 08:07 1345931                    /home/kishan/.m2/repository/net/hydromatic/eigenbase-properties/1.1.5/eigenbase-properties-1.1.5.jar
7fc1b387f000-7fc1b388a000 r--s 00062000 08:07 1345929                    /home/kishan/.m2/repository/org/apache/calcite/calcite-linq4j/1.2.0-incubating/calcite-linq4j-1.2.0-incubating.jar
7fc1b388a000-7fc1b38c1000 r--s 00325000 08:07 1345924                    /home/kishan/.m2/repository/org/apache/calcite/calcite-core/1.2.0-incubating/calcite-core-1.2.0-incubating.jar
7fc1b38c1000-7fc1b38c8000 r--s 00039000 08:07 1198952                    /home/kishan/.m2/repository/org/apache/calcite/calcite-avatica/1.2.0-incubating/calcite-avatica-1.2.0-incubating.jar
7fc1b38c8000-7fc1b38ce000 r--s 00045000 08:07 149259                     /home/kishan/.m2/repository/commons-httpclient/commons-httpclient/3.1/commons-httpclient-3.1.jar
7fc1b38ce000-7fc1b38cf000 r--s 00003000 08:07 1345925                    /home/kishan/.m2/repository/javax/transaction/jta/1.1/jta-1.1.jar
7fc1b38cf000-7fc1b38d5000 r--s 0002c000 08:07 1345923                    /home/kishan/.m2/repository/javax/jdo/jdo-api/3.0.1/jdo-api-3.0.1.jar
7fc1b38d5000-7fc1b38d8000 r--s 00025000 08:07 943368                     /home/kishan/.m2/repository/commons-dbcp/commons-dbcp/1.4/commons-dbcp-1.4.jar
7fc1b38d8000-7fc1b38db000 r--s 00015000 08:07 410383                     /home/kishan/.m2/repository/commons-pool/commons-pool/1.5.4/commons-pool-1.5.4.jar
7fc1b38db000-7fc1b38f1000 r--s 001a4000 08:07 1345921                    /home/kishan/.m2/repository/org/datanucleus/datanucleus-rdbms/3.2.9/datanucleus-rdbms-3.2.9.jar
7fc1b38f1000-7fc1b38f6000 r--s 0004e000 08:07 1070519                    /home/kishan/.m2/repository/org/datanucleus/datanucleus-api-jdo/3.2.6/datanucleus-api-jdo-3.2.6.jar
7fc1b38f6000-7fc1b38f8000 r--s 0000e000 08:07 151047                     /home/kishan/.m2/repository/commons-logging/commons-logging/1.1.3/commons-logging-1.1.3.jar
7fc1b38f8000-7fc1b38fa000 r--s 00009000 08:07 151132                     /home/kishan/.m2/repository/commons-cli/commons-cli/1.2/commons-cli-1.2.jar
7fc1b38fa000-7fc1b38fd000 r--s 00019000 08:07 1345917                    /home/kishan/.m2/repository/com/jolbox/bonecp/0.8.0.RELEASE/bonecp-0.8.0.RELEASE.jar
7fc1b38fd000-7fc1b3960000 r--s 004de000 08:07 1311889                    /home/kishan/.m2/repository/org/spark-project/hive/hive-metastore/1.2.1.spark2/hive-metastore-1.2.1.spark2.jar
7fc1b3960000-7fc1b3961000 r--s 00004000 08:07 1345913                    /home/kishan/.m2/repository/net/sf/opencsv/opencsv/2.3/opencsv-2.3.jar
7fc1b3961000-7fc1b3963000 r--s 00005000 08:07 149281                     /home/kishan/.m2/repository/stax/stax-api/1.0.1/stax-api-1.0.1.jar
7fc1b3963000-7fc1b3964000 r--s 0000b000 08:07 1198948                    /home/kishan/.m2/repository/org/iq80/snappy/snappy/0.2/snappy-0.2.jar
7fc1b3964000-7fc1b3966000 r--s 00003000 08:07 1198946                    /home/kishan/.m2/repository/com/googlecode/javaewah/JavaEWAH/0.3.2/JavaEWAH-0.3.2.jar
7fc1b3966000-7fc1b396a000 r--s 00036000 08:07 1070499                    /home/kishan/.m2/repository/org/antlr/ST4/4.0.4/ST4-4.0.4.jar
7fc1b396a000-7fc1b396f000 r--s 00068000 08:07 149128                     /home/kishan/.m2/repository/antlr/antlr/2.7.7/antlr-2.7.7.jar
7fc1b396f000-7fc1b3972000 r--s 00022000 08:07 1069489                    /home/kishan/.m2/repository/org/antlr/stringtemplate/3.2.1/stringtemplate-3.2.1.jar
7fc1b3972000-7fc1b3976000 r--s 00025000 08:07 943348                     /home/kishan/.m2/repository/org/antlr/antlr-runtime/3.4/antlr-runtime-3.4.jar
7fc1b3976000-7fc1b397e000 r--s 00066000 08:07 814228                     /home/kishan/.m2/repository/log4j/apache-log4j-extras/1.2.17/apache-log4j-extras-1.2.17.jar
7fc1b397e000-7fc1b3986000 r--s 00059000 08:07 410377                     /home/kishan/.m2/repository/javolution/javolution/5.5.1/javolution-5.5.1.jar
7fc1b3986000-7fc1b398a000 r--s 0002a000 08:07 943351                     /home/kishan/.m2/repository/commons-io/commons-io/2.4/commons-io-2.4.jar
7fc1b398a000-7fc1b3a33000 r--s 00a4f000 08:07 1057334                    /home/kishan/.m2/repository/org/spark-project/hive/hive-exec/1.2.1.spark2/hive-exec-1.2.1.spark2.jar
7fc1b3a33000-7fc1b3a67000 r--s 00277000 08:07 1070505                    /home/kishan/.m2/repository/com/twitter/parquet-hadoop-bundle/1.6.0/parquet-hadoop-bundle-1.6.0.jar
7fc1b3a67000-7fc1b3a81000 r--s 00125000 08:07 135529                     /home/kishan/.m2/repository/org/apache/spark/spark-hive_2.11/2.3.0/spark-hive_2.11-2.3.0.jar
7fc1b3a81000-7fc1b3a82000 r--s 00002000 08:07 152298                     /home/kishan/.m2/repository/com/vlkan/flatbuffers/1.2.0-3f79e055/flatbuffers-1.2.0-3f79e055.jar
7fc1b3a82000-7fc1b3a84000 r--s 00012000 08:07 411852                     /home/kishan/.m2/repository/org/apache/arrow/arrow-memory/0.8.0/arrow-memory-0.8.0.jar
7fc1b3a84000-7fc1b3a86000 r--s 0000b000 08:07 411850                     /home/kishan/.m2/repository/org/apache/arrow/arrow-format/0.8.0/arrow-format-0.8.0.jar
7fc1b3a86000-7fc1b3a96000 r--s 00127000 08:07 411848                     /home/kishan/.m2/repository/org/apache/arrow/arrow-vector/0.8.0/arrow-vector-0.8.0.jar
7fc1b3a96000-7fc1b3aaa000 r--s 000ec000 08:07 1067795                    /home/kishan/.m2/repository/org/apache/parquet/parquet-jackson/1.8.2/parquet-jackson-1.8.2.jar
7fc1b3aaa000-7fc1b3ab2000 r--s 00058000 08:07 1067789                    /home/kishan/.m2/repository/org/apache/parquet/parquet-format/2.3.1/parquet-format-2.3.1.jar
7fc1b3ab2000-7fc1b3ab8000 r--s 00038000 08:07 1070876                    /home/kishan/.m2/repository/org/apache/parquet/parquet-hadoop/1.8.2/parquet-hadoop-1.8.2.jar
7fc1b3ab8000-7fc1b3abe000 r--s 00040000 08:07 1067787                    /home/kishan/.m2/repository/org/apache/parquet/parquet-encoding/1.8.2/parquet-encoding-1.8.2.jar
7fc1b3abe000-7fc1b3ac0000 r--s 00009000 08:07 1067791                    /home/kishan/.m2/repository/org/apache/parquet/parquet-common/1.8.2/parquet-common-1.8.2.jar
7fc1b3ac0000-7fc1b3ad7000 r--s 000d3000 08:07 1070864                    /home/kishan/.m2/repository/org/apache/parquet/parquet-column/1.8.2/parquet-column-1.8.2.jar
7fc1b3ad7000-7fc1b3ae1000 r--s 000af000 08:07 1500779                    /home/kishan/.m2/repository/org/apache/orc/orc-mapreduce/1.4.1/orc-mapreduce-1.4.1-nohive.jar
7fc1b3ae1000-7fc1b3ae3000 r--s 0001e000 08:07 152282                     /home/kishan/.m2/repository/io/airlift/aircompressor/0.8/aircompressor-0.8.jar
7fc1b3ae3000-7fc1b3ae8000 r--s 00041000 08:07 151154                     /home/kishan/.m2/repository/commons-lang/commons-lang/2.6/commons-lang-2.6.jar
7fc1b3ae8000-7fc1b3af0000 r--s 0007b000 08:07 151006                     /home/kishan/.m2/repository/com/google/protobuf/protobuf-java/2.5.0/protobuf-java-2.5.0.jar
7fc1b3af0000-7fc1b3b03000 r--s 0014e000 08:07 411846                     /home/kishan/.m2/repository/org/apache/orc/orc-core/1.4.1/orc-core-1.4.1-nohive.jar
7fc1b3b03000-7fc1b3b09000 r--s 0004c000 08:07 1199191                    /home/kishan/.m2/repository/org/antlr/antlr4-runtime/4.7/antlr4-runtime-4.7.jar
7fc1b3b09000-7fc1b3b0b000 r--s 00008000 08:07 1199188                    /home/kishan/.m2/repository/org/codehaus/janino/commons-compiler/3.0.8/commons-compiler-3.0.8.jar
7fc1b3b0b000-7fc1b3b17000 r--s 000b7000 08:07 944653                     /home/kishan/.m2/repository/org/codehaus/janino/janino/3.0.8/janino-3.0.8.jar
7fc1b3b17000-7fc1b3b22000 r--s 0005d000 08:07 944655                     /home/kishan/.m2/repository/org/scala-lang/modules/scala-parser-combinators_2.11/1.0.4/scala-parser-combinators_2.11-1.0.4.jar
7fc1b3b22000-7fc1b3bca000 r--s 007ea000 08:07 152280                     /home/kishan/.m2/repository/org/apache/spark/spark-catalyst_2.11/2.3.0/spark-catalyst_2.11-2.3.0.jar
7fc1b3bca000-7fc1b3bcc000 r--s 00006000 08:07 152258                     /home/kishan/.m2/repository/org/apache/spark/spark-sketch_2.11/2.3.0/spark-sketch_2.11-2.3.0.jar
7fc1b3bcc000-7fc1b3bd4000 r--s 00056000 08:07 1500783                    /home/kishan/.m2/repository/com/univocity/univocity-parsers/2.5.9/univocity-parsers-2.5.9.jar
7fc1b3bd4000-7fc1b3c7f000 r--s 00799000 08:07 152276                     /home/kishan/.m2/repository/org/apache/spark/spark-sql_2.11/2.3.0/spark-sql_2.11-2.3.0.jar
7fc1b3c7f000-7fc1b3c80000 r--s 00000000 08:07 149244                     /home/kishan/.m2/repository/org/spark-project/spark/unused/1.0.0/unused-1.0.0.jar
7fc1b3c80000-7fc1b3c82000 r--s 0001f000 08:07 944666                     /home/kishan/.m2/repository/org/apache/commons/commons-crypto/1.0.0/commons-crypto-1.0.0.jar
7fc1b3c82000-7fc1b3c83000 r--s 00003000 08:07 152306                     /home/kishan/.m2/repository/org/apache/spark/spark-tags_2.11/2.3.0/spark-tags_2.11-2.3.0.jar
7fc1b3c83000-7fc1b3c85000 r--s 0001b000 08:07 944664                     /home/kishan/.m2/repository/net/sf/py4j/py4j/0.10.6/py4j-0.10.6.jar
7fc1b3c85000-7fc1b3c88000 r--s 00015000 08:07 944662                     /home/kishan/.m2/repository/net/razorvine/pyrolite/4.13/pyrolite-4.13.jar
7fc1b3c88000-7fc1b3c8a000 r--s 0000e000 08:07 149256                     /home/kishan/.m2/repository/oro/oro/2.0.8/oro-2.0.8.jar
7fc1b3c8a000-7fc1b3ca0000 r--s 00124000 08:07 814229                     /home/kishan/.m2/repository/org/apache/ivy/ivy/2.4.0/ivy-2.4.0.jar
7fc1b3ca0000-7fc1b3ca2000 r--s 00009000 08:07 944660                     /home/kishan/.m2/repository/com/fasterxml/jackson/module/jackson-module-paranamer/2.7.9/jackson-module-paranamer-2.7.9.jar
7fc1b3ca2000-7fc1b3cee000 r--s 00411000 08:07 814652                     /home/kishan/.m2/repository/org/scala-lang/scala-reflect/2.11.8/scala-reflect-2.11.8.jar
7fc1b3cee000-7fc1b3cfb000 r--s 00071000 08:07 944659                     /home/kishan/.m2/repository/com/fasterxml/jackson/module/jackson-module-scala_2.11/2.6.7.1/jackson-module-scala_2.11-2.6.7.1.jar
7fc1b3cfb000-7fc1b3d0c000 r--s 0010c000 08:07 814644                     /home/kishan/.m2/repository/com/fasterxml/jackson/core/jackson-databind/2.6.7.1/jackson-databind-2.6.7.1.jar
7fc1b3d0c000-7fc1b3d0e000 r--s 00004000 08:07 944656                     /home/kishan/.m2/repository/io/dropwizard/metrics/metrics-graphite/3.1.5/metrics-graphite-3.1.5.jar
7fc1b3d0e000-7fc1b3d0f000 r--s 00003000 08:07 814653                     /home/kishan/.m2/repository/io/dropwizard/metrics/metrics-json/3.1.5/metrics-json-3.1.5.jar
7fc1b3d0f000-7fc1b3d11000 r--s 00008000 08:07 814651                     /home/kishan/.m2/repository/io/dropwizard/metrics/metrics-jvm/3.1.5/metrics-jvm-3.1.5.jar
7fc1b3d11000-7fc1b3d15000 r--s 0001a000 08:07 1500785                    /home/kishan/.m2/repository/io/dropwizard/metrics/metrics-core/3.1.5/metrics-core-3.1.5.jar
7fc1b3d15000-7fc1b3d18000 r--s 00028000 08:07 814204                     /home/kishan/.m2/repository/com/clearspring/analytics/stream/2.7.0/stream-2.7.0.jar
7fc1b3d18000-7fc1b3d31000 r--s 0012c000 08:07 814645                     /home/kishan/.m2/repository/io/netty/netty/3.9.9.Final/netty-3.9.9.Final.jar
7fc1b3d31000-7fc1b3d72000 r--s 0035a000 08:07 1199206                    /home/kishan/.m2/repository/io/netty/netty-all/4.1.17.Final/netty-all-4.1.17.Final.jar
7fc1b3d72000-7fc1b3d75000 r--s 0000e000 08:07 1070874                    /home/kishan/.m2/repository/org/glassfish/jersey/containers/jersey-container-servlet-core/2.22.2/jersey-container-servlet-core-2.22.2.jar
7fc1b3d75000-7fc1b3d77000 r--s 00003000 08:07 1070871                    /home/kishan/.m2/repository/org/glassfish/jersey/containers/jersey-container-servlet/2.22.2/jersey-container-servlet-2.22.2.jar
7fc1b3d77000-7fc1b3d7b000 r--s 0000c000 08:07 152272                     /home/kishan/.m2/repository/javax/validation/validation-api/1.1.0.Final/validation-api-1.1.0.Final.jar
7fc1b3d7b000-7fc1b3d7d000 r--s 00010000 08:07 1070868                    /home/kishan/.m2/repository/org/glassfish/jersey/media/jersey-media-jaxb/2.22.2/jersey-media-jaxb-2.22.2.jar
7fc1b3d7d000-7fc1b3d93000 r--s 000d3000 08:07 1199202                    /home/kishan/.m2/repository/org/glassfish/jersey/core/jersey-server/2.22.2/jersey-server-2.22.2.jar
7fc1b3d93000-7fc1b3d94000 r--s 00004000 08:07 1500789                    /home/kishan/.m2/repository/org/glassfish/hk2/osgi-resource-locator/1.0.1/osgi-resource-locator-1.0.1.jar
7fc1b3d94000-7fc1b3dac000 r--s 000d6000 08:07 1070866                    /home/kishan/.m2/repository/org/glassfish/jersey/bundles/repackaged/jersey-guava/2.22.2/jersey-guava-2.22.2.jar
7fc1b3dac000-7fc1b3dae000 r--s 00005000 08:07 1500787                    /home/kishan/.m2/repository/javax/annotation/javax.annotation-api/1.2/javax.annotation-api-1.2.jar
7fc1b3dae000-7fc1b3dbc000 r--s 0009d000 08:07 1199198                    /home/kishan/.m2/repository/org/glassfish/jersey/core/jersey-common/2.22.2/jersey-common-2.22.2.jar
7fc1b3dbc000-7fc1b3dc6000 r--s 000a5000 08:07 814647                     /home/kishan/.m2/repository/org/javassist/javassist/3.18.1-GA/javassist-3.18.1-GA.jar
7fc1b3dc6000-7fc1b3dca000 r--s 00029000 08:07 814649                     /home/kishan/.m2/repository/org/glassfish/hk2/hk2-locator/2.4.0-b34/hk2-locator-2.4.0-b34.jar
7fc1b3dca000-7fc1b3dcb000 r--s 00001000 08:07 1346348                    /home/kishan/.m2/repository/org/glassfish/hk2/external/javax.inject/2.4.0-b34/javax.inject-2.4.0-b34.jar
7fc1b3dcb000-7fc1b3dcd000 r--s 00002000 08:07 1346352                    /home/kishan/.m2/repository/org/glassfish/hk2/external/aopalliance-repackaged/2.4.0-b34/aopalliance-repackaged-2.4.0-b34.jar
7fc1b3dcd000-7fc1b3dd1000 r--s 0001a000 08:07 1346351                    /home/kishan/.m2/repository/org/glassfish/hk2/hk2-utils/2.4.0-b34/hk2-utils-2.4.0-b34.jar
7fc1b3dd1000-7fc1b3dd6000 r--s 00027000 08:07 1346344                    /home/kishan/.m2/repository/org/glassfish/hk2/hk2-api/2.4.0-b34/hk2-api-2.4.0-b34.jar
7fc1b3dd6000-7fc1b3dda000 r--s 00019000 08:07 152270                     /home/kishan/.m2/repository/javax/ws/rs/javax.ws.rs-api/2.0.1/javax.ws.rs-api-2.0.1.jar
7fc1b3dda000-7fc1b3dde000 r--s 00025000 08:07 1199204                    /home/kishan/.m2/repository/org/glassfish/jersey/core/jersey-client/2.22.2/jersey-client-2.22.2.jar
7fc1b3dde000-7fc1b3ece000 r--s 00c16000 08:07 817010                     /home/kishan/.m2/repository/org/scala-lang/scala-compiler/2.11.0/scala-compiler-2.11.0.jar
7fc1b3ece000-7fc1b3ee0000 r--s 000ab000 08:07 817016                     /home/kishan/.m2/repository/org/scala-lang/scalap/2.11.0/scalap-2.11.0.jar
7fc1b3ee0000-7fc1b3ee3000 r--s 00012000 08:07 1345303                    /home/kishan/.m2/repository/org/json4s/json4s-ast_2.11/3.2.11/json4s-ast_2.11-3.2.11.jar
7fc1b3ee3000-7fc1b3eed000 r--s 00086000 08:07 1199196                    /home/kishan/.m2/repository/org/json4s/json4s-core_2.11/3.2.11/json4s-core_2.11-3.2.11.jar
7fc1b3eed000-7fc1b3eee000 r--s 00009000 08:07 1070862                    /home/kishan/.m2/repository/org/json4s/json4s-jackson_2.11/3.2.11/json4s-jackson_2.11-3.2.11.jar
7fc1b3eee000-7fc1b3ef2000 r--s 00030000 08:07 410371                     /home/kishan/.m2/repository/commons-net/commons-net/2.2/commons-net-2.2.jar
7fc1b3ef2000-7fc1b3ef5000 r--s 0002f000 08:07 410369                     /home/kishan/.m2/repository/org/roaringbitmap/RoaringBitmap/0.5.11/RoaringBitmap-0.5.11.jar
7fc1b3ef5000-7fc1b3ef7000 r--s 00238000 08:07 814641                     /home/kishan/.m2/repository/com/github/luben/zstd-jni/1.3.2-2/zstd-jni-1.3.2-2.jar
7fc1b3ef7000-7fc1b3efa000 r--s 00058000 08:07 411844                     /home/kishan/.m2/repository/org/lz4/lz4-java/1.4.0/lz4-java-1.4.0.jar
7fc1b3efa000-7fc1b3efc000 r--s 00100000 08:07 152269                     /home/kishan/.m2/repository/org/xerial/snappy/snappy-java/1.1.2.6/snappy-java-1.1.2.6.jar
7fc1b3efc000-7fc1b3efe000 r--s 00012000 08:07 410365                     /home/kishan/.m2/repository/com/ning/compress-lzf/1.0.3/compress-lzf-1.0.3.jar
7fc1b3efe000-7fc1b3f07000 r--s 0006f000 08:07 150995                     /home/kishan/.m2/repository/log4j/log4j/1.2.17/log4j-1.2.17.jar
7fc1b3f07000-7fc1b3f09000 r--s 00003000 08:07 152264                     /home/kishan/.m2/repository/org/slf4j/jcl-over-slf4j/1.7.16/jcl-over-slf4j-1.7.16.jar
7fc1b3f09000-7fc1b3f0b000 r--s 00000000 08:07 411842                     /home/kishan/.m2/repository/org/slf4j/jul-to-slf4j/1.7.16/jul-to-slf4j-1.7.16.jar
7fc1b3f0b000-7fc1b3f0e000 r--s 00006000 08:07 151040                     /home/kishan/.m2/repository/com/google/code/findbugs/jsr305/1.3.9/jsr305-1.3.9.jar
7fc1b3f0e000-7fc1b3f32000 r--s 001cd000 08:07 943336                     /home/kishan/.m2/repository/org/apache/commons/commons-math3/3.4.1/commons-math3-3.4.1.jar
7fc1b3f32000-7fc1b3f3a000 r--s 0006e000 08:07 1346346                    /home/kishan/.m2/repository/org/apache/commons/commons-lang3/3.5/commons-lang3-3.5.jar
7fc1b3f3a000-7fc1b3f65000 r--s 001f5000 08:07 1067766                    /home/kishan/.m2/repository/com/google/guava/guava/16.0.1/guava-16.0.1.jar
7fc1b3f65000-7fc1b3f71000 r--s 000b6000 08:07 154672                     /home/kishan/.m2/repository/org/apache/zookeeper/zookeeper/3.4.6/zookeeper-3.4.6.jar
7fc1b3f71000-7fc1b3f77000 r--s 00028000 08:07 816988                     /home/kishan/.m2/repository/org/apache/curator/curator-framework/2.6.0/curator-framework-2.6.0.jar
7fc1b3f77000-7fc1b3fb7000 r--s 00285000 08:07 413783                     /home/kishan/.m2/repository/org/bouncycastle/bcprov-jdk15on/1.52/bcprov-jdk15on-1.52.jar
7fc1b3fb7000-7fc1b3fd2000 r--s 001d9000 08:07 411840                     /home/kishan/.m2/repository/net/java/dev/jets3t/jets3t/0.9.4/jets3t-0.9.4.jar
7fc1b3fd2000-7fc1b4000000 r--s 00218000 08:07 1199190                    /home/kishan/.m2/repository/org/apache/spark/spark-network-common_2.11/2.3.0/spark-network-common_2.11-2.3.0.jar
7fc1b4000000-7fc1b4021000 rw-p 00000000 00:00 0 
7fc1b4021000-7fc1b8000000 ---p 00000000 00:00 0 
7fc1b8000000-7fc1b8001000 r--s 00002000 08:07 152267                     /home/kishan/.m2/repository/org/slf4j/slf4j-log4j12/1.7.16/slf4j-log4j12-1.7.16.jar
7fc1b8001000-7fc1b8002000 r--s 00009000 08:07 152262                     /home/kishan/.m2/repository/org/slf4j/slf4j-api/1.7.16/slf4j-api-1.7.16.jar
7fc1b8002000-7fc1b8005000 r--s 00015000 08:07 152240                     /home/kishan/.m2/repository/javax/servlet/javax.servlet-api/3.1.0/javax.servlet-api-3.1.0.jar
7fc1b8005000-7fc1b800c000 r--s 00036000 08:07 1199192                    /home/kishan/.m2/repository/org/apache/curator/curator-recipes/2.6.0/curator-recipes-2.6.0.jar
7fc1b800c000-7fc1b800e000 r--s 00003000 08:07 413785                     /home/kishan/.m2/repository/net/iharder/base64/2.3.8/base64-2.3.8.jar
7fc1b800e000-7fc1b8010000 r--s 00003000 08:07 154670                     /home/kishan/.m2/repository/com/jamesmurty/utils/java-xmlbuilder/1.1/java-xmlbuilder-1.1.jar
7fc1b8010000-7fc1b8012000 r--s 0000f000 08:07 154688                     /home/kishan/.m2/repository/javax/activation/activation/1.1.1/activation-1.1.1.jar
7fc1b8012000-7fc1b8019000 r--s 00048000 08:07 154686                     /home/kishan/.m2/repository/org/apache/httpcomponents/httpcore/4.4.1/httpcore-4.4.1.jar
7fc1b8019000-7fc1b801b000 r--s 0000a000 08:07 1500791                    /home/kishan/.m2/repository/org/apache/spark/spark-unsafe_2.11/2.3.0/spark-unsafe_2.11-2.3.0.jar
7fc1b801b000-7fc1b801d000 r--s 0000e000 08:07 152253                     /home/kishan/.m2/repository/org/apache/spark/spark-network-shuffle_2.11/2.3.0/spark-network-shuffle_2.11-2.3.0.jar
7fc1b801d000-7fc1b8020000 r--s 00009000 08:07 1070867                    /home/kishan/.m2/repository/com/fasterxml/jackson/core/jackson-annotations/2.6.7/jackson-annotations-2.6.7.jar
7fc1b8020000-7fc1b8024000 r--s 0003c000 08:07 152274                     /home/kishan/.m2/repository/com/fasterxml/jackson/core/jackson-core/2.6.7/jackson-core-2.6.7.jar
7fc1b8024000-7fc1b8027000 r--s 000fd000 08:07 152030                     /home/kishan/.m2/repository/org/fusesource/leveldbjni/leveldbjni-all/1.8/leveldbjni-all-1.8.jar
7fc1b8027000-7fc1b8029000 r--s 0000b000 08:07 152254                     /home/kishan/.m2/repository/org/apache/spark/spark-kvstore_2.11/2.3.0/spark-kvstore_2.11-2.3.0.jar
7fc1b8029000-7fc1b802b000 r--s 00011000 08:07 152250                     /home/kishan/.m2/repository/org/apache/spark/spark-launcher_2.11/2.3.0/spark-launcher_2.11-2.3.0.jar
7fc1b802b000-7fc1b802c000 r--s 00009000 08:07 1202362                    /home/kishan/.m2/repository/org/apache/hadoop/hadoop-annotations/2.6.5/hadoop-annotations-2.6.5.jar
7fc1b802c000-7fc1b802d000 r--s 0000e000 08:07 154671                     /home/kishan/.m2/repository/org/apache/hadoop/hadoop-mapreduce-client-jobclient/2.6.5/hadoop-mapreduce-client-jobclient-2.6.5.jar
7fc1b802d000-7fc1b802e000 r--s 00006000 08:07 1335386                    /home/kishan/.m2/repository/org/codehaus/jackson/jackson-xc/1.9.13/jackson-xc-1.9.13.jar
7fc1b802e000-7fc1b802f000 r--s 00004000 08:07 1335382                    /home/kishan/.m2/repository/org/codehaus/jackson/jackson-jaxrs/1.9.13/jackson-jaxrs-1.9.13.jar
7fc1b802f000-7fc1b8031000 r--s 00004000 08:07 1202360                    /home/kishan/.m2/repository/javax/xml/stream/stax-api/1.0-2/stax-api-1.0-2.jar
7fc1b8031000-7fc1b8034000 r--s 00017000 08:07 151130                     /home/kishan/.m2/repository/javax/xml/bind/jaxb-api/2.2.2/jaxb-api-2.2.2.jar
7fc1b8034000-7fc1b804b000 r--s 00177000 08:07 154684                     /home/kishan/.m2/repository/org/apache/hadoop/hadoop-yarn-common/2.6.5/hadoop-yarn-common-2.6.5.jar
7fc1b804b000-7fc1b8064000 r--s 0015f000 08:07 154675                     /home/kishan/.m2/repository/org/apache/hadoop/hadoop-mapreduce-client-core/2.6.5/hadoop-mapreduce-client-core-2.6.5.jar
7fc1b8064000-7fc1b807e000 r--s 001b5000 08:07 1067779                    /home/kishan/.m2/repository/org/apache/hadoop/hadoop-yarn-api/2.6.5/hadoop-yarn-api-2.6.5.jar
7fc1b807e000-7fc1b8080000 r--s 0000f000 08:07 1500329                    /home/kishan/.m2/repository/org/apache/hadoop/hadoop-mapreduce-client-shuffle/2.6.5/hadoop-mapreduce-client-shuffle-2.6.5.jar
7fc1b8080000-7fc1b8086000 r--s 00049000 08:07 154669                     /home/kishan/.m2/repository/org/apache/hadoop/hadoop-yarn-server-common/2.6.5/hadoop-yarn-server-common-2.6.5.jar
7fc1b8086000-7fc1b8089000 r--s 00023000 08:07 1500330                    /home/kishan/.m2/repository/org/apache/hadoop/hadoop-yarn-client/2.6.5/hadoop-yarn-client-2.6.5.jar
7fc1b8089000-7fc1b8095000 r--s 0009d000 08:07 154674                     /home/kishan/.m2/repository/org/apache/hadoop/hadoop-mapreduce-client-common/2.6.5/hadoop-mapreduce-client-common-2.6.5.jar
7fc1b8095000-7fc1b809f000 r--s 00078000 08:07 154666                     /home/kishan/.m2/repository/org/apache/hadoop/hadoop-mapreduce-client-app/2.6.5/hadoop-mapreduce-client-app-2.6.5.jar
7fc1b809f000-7fc1b80a7000 r--s 00028000 08:07 410506                     /home/kishan/.m2/repository/xml-apis/xml-apis/1.3.04/xml-apis-1.3.04.jar
7fc1b80a7000-7fc1b80bf000 r--s 00115000 08:07 151251                     /home/kishan/.m2/repository/xerces/xercesImpl/2.9.1/xercesImpl-2.9.1.jar
7fc1b80bf000-7fc1b80c3000 r--s 00028000 08:07 151074                     /home/kishan/.m2/repository/org/mortbay/jetty/jetty-util/6.1.26/jetty-util-6.1.26.jar
7fc1b80c3000-7fc1b812a000 r--s 0072d000 08:07 154662                     /home/kishan/.m2/repository/org/apache/hadoop/hadoop-hdfs/2.6.5/hadoop-hdfs-2.6.5.jar
7fc1b812a000-7fc1b812c000 r--s 00006000 08:07 1335384                    /home/kishan/.m2/repository/org/htrace/htrace-core/3.0.4/htrace-core-3.0.4.jar
7fc1b812c000-7fc1b812e000 r--s 0000f000 08:07 1067781                    /home/kishan/.m2/repository/org/apache/curator/curator-client/2.6.0/curator-client-2.6.0.jar
7fc1b812e000-7fc1b8130000 r--s 00012000 08:07 413782                     /home/kishan/.m2/repository/org/apache/directory/api/api-util/1.0.0-M20/api-util-1.0.0-M20.jar
7fc1b8130000-7fc1b8132000 r--s 00003000 08:07 413780                     /home/kishan/.m2/repository/org/apache/directory/api/api-asn1-api/1.0.0-M20/api-asn1-api-1.0.0-M20.jar
7fc1b8132000-7fc1b8144000 r--s 00097000 08:07 413775                     /home/kishan/.m2/repository/org/apache/directory/server/apacheds-kerberos-codec/2.0.0-M15/apacheds-kerberos-codec-2.0.0-M15.jar
7fc1b8144000-7fc1b8147000 r--s 00014000 08:07 154658                     /home/kishan/.m2/repository/org/apache/hadoop/hadoop-auth/2.6.5/hadoop-auth-2.6.5.jar
7fc1b8147000-7fc1b814c000 r--s 0002a000 08:07 154660                     /home/kishan/.m2/repository/com/google/code/gson/gson/2.2.4/gson-2.2.4.jar
7fc1b814c000-7fc1b8150000 r--s 0002f000 08:07 151056                     /home/kishan/.m2/repository/commons-beanutils/commons-beanutils-core/1.8.0/commons-beanutils-core-1.8.0.jar
7fc1b8150000-7fc1b8155000 r--s 0002a000 08:07 151054                     /home/kishan/.m2/repository/commons-beanutils/commons-beanutils/1.7.0/commons-beanutils-1.7.0.jar
7fc1b8155000-7fc1b8159000 r--s 00020000 08:07 151052                     /home/kishan/.m2/repository/commons-digester/commons-digester/1.8/commons-digester-1.8.jar
7fc1b8159000-7fc1b815f000 r--s 00043000 08:07 151050                     /home/kishan/.m2/repository/commons-configuration/commons-configuration/1.6/commons-configuration-1.6.jar
7fc1b815f000-7fc1b8195000 r--s 002fe000 08:07 1202358                    /home/kishan/.m2/repository/org/apache/hadoop/hadoop-common/2.6.5/hadoop-common-2.6.5.jar
7fc1b8195000-7fc1b8280000 r--s 00b77000 08:07 152303                     /home/kishan/.m2/repository/org/apache/spark/spark-core_2.11/2.3.0/spark-core_2.11-2.3.0.jar
7fc1b8280000-7fc1bc000000 rw-p 00000000 00:00 0 
7fc1bc000000-7fc1bc021000 rw-p 00000000 00:00 0 
7fc1bc021000-7fc1c0000000 ---p 00000000 00:00 0 
7fc1c0000000-7fc1c0001000 r--s 0000a000 08:07 413777                     /home/kishan/.m2/repository/org/apache/directory/server/apacheds-i18n/2.0.0-M15/apacheds-i18n-2.0.0-M15.jar
7fc1c0001000-7fc1c000e000 r--s 00083000 08:07 154656                     /home/kishan/.m2/repository/commons-collections/commons-collections/3.2.2/commons-collections-3.2.2.jar
7fc1c000e000-7fc1c000f000 r--s 00003000 08:07 151041                     /home/kishan/.m2/repository/xmlenc/xmlenc/0.52/xmlenc-0.52.jar
7fc1c000f000-7fc1c0010000 r--s 00006000 08:07 152241                     /home/kishan/.m2/repository/org/apache/hadoop/hadoop-client/2.6.5/hadoop-client-2.6.5.jar
7fc1c0010000-7fc1c0013000 r--s 00021000 08:07 149271                     /home/kishan/.m2/repository/org/apache/xbean/xbean-asm5-shaded/4.4/xbean-asm5-shaded-4.4.jar
7fc1c0013000-7fc1c0015000 r--s 0000d000 08:07 1500781                    /home/kishan/.m2/repository/com/twitter/chill-java/0.8.4/chill-java-0.8.4.jar
7fc1c0015000-7fc1c0017000 r--s 00009000 08:07 152246                     /home/kishan/.m2/repository/org/objenesis/objenesis/2.1/objenesis-2.1.jar
7fc1c0017000-7fc1c001e000 r--s 00051000 08:07 152287                     /home/kishan/.m2/repository/com/esotericsoftware/kryo-shaded/3.0.3/kryo-shaded-3.0.3.jar
7fc1c001e000-7fc1c0022000 r--s 00033000 08:07 152257                     /home/kishan/.m2/repository/com/twitter/chill_2.11/0.8.4/chill_2.11-0.8.4.jar
7fc1c0022000-7fc1c0029000 r--s 0004e000 08:07 149275                     /home/kishan/.m2/repository/org/apache/avro/avro-ipc/1.7.7/avro-ipc-1.7.7-tests.jar
7fc1c0029000-7fc1c002d000 r--s 0002c000 08:07 149264                     /home/kishan/.m2/repository/org/apache/avro/avro-ipc/1.7.7/avro-ipc-1.7.7.jar
7fc1c002d000-7fc1c0032000 r--s 00028000 08:07 149272                     /home/kishan/.m2/repository/org/apache/avro/avro-mapred/1.7.7/avro-mapred-1.7.7-hadoop2.jar
7fc1c0032000-7fc1c0036000 r--s 00014000 08:07 151016                     /home/kishan/.m2/repository/org/tukaani/xz/1.0/xz-1.0.jar
7fc1c0036000-7fc1c003b000 r--s 00036000 08:07 943364                     /home/kishan/.m2/repository/org/apache/commons/commons-compress/1.4.1/commons-compress-1.4.1.jar
7fc1c003b000-7fc1c003e000 ---p 00000000 00:00 0 
7fc1c003e000-7fc1c013c000 rw-p 00000000 00:00 0 
7fc1c013c000-7fc1c0afb000 r--p 00000000 08:07 663793                     /usr/lib/locale/locale-archive
7fc1c0afb000-7fc1c0afe000 ---p 00000000 00:00 0 
7fc1c0afe000-7fc1c0bfc000 rw-p 00000000 00:00 0 
7fc1c0bfc000-7fc1c0bff000 ---p 00000000 00:00 0 
7fc1c0bff000-7fc1c0cfd000 rw-p 00000000 00:00 0 
7fc1c0cfd000-7fc1c0cfe000 ---p 00000000 00:00 0 
7fc1c0cfe000-7fc1c1000000 rw-p 00000000 00:00 0 
7fc1c1000000-7fc1c17e0000 rwxp 00000000 00:00 0 
7fc1c17e0000-7fc1d0000000 ---p 00000000 00:00 0 
7fc1d0000000-7fc1d1cdd000 rw-p 00000000 00:00 0 
7fc1d1cdd000-7fc1d4000000 ---p 00000000 00:00 0 
7fc1d4000000-7fc1d4001000 r--s 00001000 08:07 152244                     /home/kishan/.m2/repository/com/esotericsoftware/minlog/1.3.0/minlog-1.3.0.jar
7fc1d4001000-7fc1d4003000 r--s 00006000 08:07 151162                     /home/kishan/.m2/repository/com/thoughtworks/paranamer/paranamer/2.3/paranamer-2.3.jar
7fc1d4003000-7fc1d4007000 r--s 00035000 08:07 151176                     /home/kishan/.m2/repository/org/codehaus/jackson/jackson-core-asl/1.9.13/jackson-core-asl-1.9.13.jar
7fc1d4007000-7fc1d4010000 r--s 00062000 08:07 149240                     /home/kishan/.m2/repository/org/apache/avro/avro/1.7.7/avro-1.7.7.jar
7fc1d4010000-7fc1d4069000 r--s 00522000 08:07 1070527                    /home/kishan/.m2/repository/org/scala-lang/scala-library/2.11.8/scala-library-2.11.8.jar
7fc1d4069000-7fc1d407c000 r--s 00345000 08:07 1502402                    /usr/lib/jvm/java-8-oracle/jre/lib/resources.jar
7fc1d407c000-7fc1d408f000 r--s 000d6000 08:07 1502389                    /usr/lib/jvm/java-8-oracle/jre/lib/plugin.jar
7fc1d408f000-7fc1d40aa000 r--s 0020c000 08:07 1502376                    /usr/lib/jvm/java-8-oracle/jre/lib/deploy.jar
7fc1d40aa000-7fc1d4db7000 rw-p 00000000 00:00 0 
7fc1d4db7000-7fc1d4f91000 r--s 03d68000 08:07 1502398                    /usr/lib/jvm/java-8-oracle/jre/lib/rt.jar
7fc1d4f91000-7fc1d5bdf000 rw-p 00000000 00:00 0 
7fc1d5bdf000-7fc1d5be0000 ---p 00000000 00:00 0 
7fc1d5be0000-7fc1d5ce0000 rw-p 00000000 00:00 0 
7fc1d5ce0000-7fc1d5ce1000 ---p 00000000 00:00 0 
7fc1d5ce1000-7fc1d5de1000 rw-p 00000000 00:00 0 
7fc1d5de1000-7fc1d5de2000 ---p 00000000 00:00 0 
7fc1d5de2000-7fc1d5ee2000 rw-p 00000000 00:00 0 
7fc1d5ee2000-7fc1d5ee3000 ---p 00000000 00:00 0 
7fc1d5ee3000-7fc1d6008000 rw-p 00000000 00:00 0 
7fc1d6008000-7fc1d6273000 ---p 00000000 00:00 0 
7fc1d6273000-7fc1d6298000 rw-p 00000000 00:00 0 
7fc1d6298000-7fc1d6503000 ---p 00000000 00:00 0 
7fc1d6503000-7fc1d657a000 rw-p 00000000 00:00 0 
7fc1d657a000-7fc1d664b000 ---p 00000000 00:00 0 
7fc1d664b000-7fc1d666c000 rw-p 00000000 00:00 0 
7fc1d666c000-7fc1d6a0c000 ---p 00000000 00:00 0 
7fc1d6a0c000-7fc1d6a27000 r-xp 00000000 08:07 411004                     /usr/lib/jvm/java-8-oracle/jre/lib/amd64/libzip.so
7fc1d6a27000-7fc1d6c27000 ---p 0001b000 08:07 411004                     /usr/lib/jvm/java-8-oracle/jre/lib/amd64/libzip.so
7fc1d6c27000-7fc1d6c28000 rw-p 0001b000 08:07 411004                     /usr/lib/jvm/java-8-oracle/jre/lib/amd64/libzip.so
7fc1d6c28000-7fc1d6c33000 r-xp 00000000 08:07 398729                     /lib/x86_64-linux-gnu/libnss_files-2.23.so
7fc1d6c33000-7fc1d6e32000 ---p 0000b000 08:07 398729                     /lib/x86_64-linux-gnu/libnss_files-2.23.so
7fc1d6e32000-7fc1d6e33000 r--p 0000a000 08:07 398729                     /lib/x86_64-linux-gnu/libnss_files-2.23.so
7fc1d6e33000-7fc1d6e34000 rw-p 0000b000 08:07 398729                     /lib/x86_64-linux-gnu/libnss_files-2.23.so
7fc1d6e34000-7fc1d6e3a000 rw-p 00000000 00:00 0 
7fc1d6e3a000-7fc1d6e45000 r-xp 00000000 08:07 398739                     /lib/x86_64-linux-gnu/libnss_nis-2.23.so
7fc1d6e45000-7fc1d7044000 ---p 0000b000 08:07 398739                     /lib/x86_64-linux-gnu/libnss_nis-2.23.so
7fc1d7044000-7fc1d7045000 r--p 0000a000 08:07 398739                     /lib/x86_64-linux-gnu/libnss_nis-2.23.so
7fc1d7045000-7fc1d7046000 rw-p 0000b000 08:07 398739                     /lib/x86_64-linux-gnu/libnss_nis-2.23.so
7fc1d7046000-7fc1d705c000 r-xp 00000000 08:07 398723                     /lib/x86_64-linux-gnu/libnsl-2.23.so
7fc1d705c000-7fc1d725b000 ---p 00016000 08:07 398723                     /lib/x86_64-linux-gnu/libnsl-2.23.so
7fc1d725b000-7fc1d725c000 r--p 00015000 08:07 398723                     /lib/x86_64-linux-gnu/libnsl-2.23.so
7fc1d725c000-7fc1d725d000 rw-p 00016000 08:07 398723                     /lib/x86_64-linux-gnu/libnsl-2.23.so
7fc1d725d000-7fc1d725f000 rw-p 00000000 00:00 0 
7fc1d725f000-7fc1d7267000 r-xp 00000000 08:07 398725                     /lib/x86_64-linux-gnu/libnss_compat-2.23.so
7fc1d7267000-7fc1d7466000 ---p 00008000 08:07 398725                     /lib/x86_64-linux-gnu/libnss_compat-2.23.so
7fc1d7466000-7fc1d7467000 r--p 00007000 08:07 398725                     /lib/x86_64-linux-gnu/libnss_compat-2.23.so
7fc1d7467000-7fc1d7468000 rw-p 00008000 08:07 398725                     /lib/x86_64-linux-gnu/libnss_compat-2.23.so
7fc1d7468000-7fc1d7472000 r-xp 00000000 08:07 411013                     /usr/lib/jvm/java-8-oracle/jre/lib/amd64/libinstrument.so
7fc1d7472000-7fc1d7671000 ---p 0000a000 08:07 411013                     /usr/lib/jvm/java-8-oracle/jre/lib/amd64/libinstrument.so
7fc1d7671000-7fc1d7672000 rw-p 00009000 08:07 411013                     /usr/lib/jvm/java-8-oracle/jre/lib/amd64/libinstrument.so
7fc1d7672000-7fc1d769d000 r-xp 00000000 08:07 410998                     /usr/lib/jvm/java-8-oracle/jre/lib/amd64/libjava.so
7fc1d769d000-7fc1d789c000 ---p 0002b000 08:07 410998                     /usr/lib/jvm/java-8-oracle/jre/lib/amd64/libjava.so
7fc1d789c000-7fc1d789e000 rw-p 0002a000 08:07 410998                     /usr/lib/jvm/java-8-oracle/jre/lib/amd64/libjava.so
7fc1d789e000-7fc1d78ab000 r-xp 00000000 08:07 411003                     /usr/lib/jvm/java-8-oracle/jre/lib/amd64/libverify.so
7fc1d78ab000-7fc1d7aab000 ---p 0000d000 08:07 411003                     /usr/lib/jvm/java-8-oracle/jre/lib/amd64/libverify.so
7fc1d7aab000-7fc1d7aad000 rw-p 0000d000 08:07 411003                     /usr/lib/jvm/java-8-oracle/jre/lib/amd64/libverify.so
7fc1d7aad000-7fc1d7ab4000 r-xp 00000000 08:07 398784                     /lib/x86_64-linux-gnu/librt-2.23.so
7fc1d7ab4000-7fc1d7cb3000 ---p 00007000 08:07 398784                     /lib/x86_64-linux-gnu/librt-2.23.so
7fc1d7cb3000-7fc1d7cb4000 r--p 00006000 08:07 398784                     /lib/x86_64-linux-gnu/librt-2.23.so
7fc1d7cb4000-7fc1d7cb5000 rw-p 00007000 08:07 398784                     /lib/x86_64-linux-gnu/librt-2.23.so
7fc1d7cb5000-7fc1d7dbd000 r-xp 00000000 08:07 398700                     /lib/x86_64-linux-gnu/libm-2.23.so
7fc1d7dbd000-7fc1d7fbc000 ---p 00108000 08:07 398700                     /lib/x86_64-linux-gnu/libm-2.23.so
7fc1d7fbc000-7fc1d7fbd000 r--p 00107000 08:07 398700                     /lib/x86_64-linux-gnu/libm-2.23.so
7fc1d7fbd000-7fc1d7fbe000 rw-p 00108000 08:07 398700                     /lib/x86_64-linux-gnu/libm-2.23.so
7fc1d7fbe000-7fc1d8c97000 r-xp 00000000 08:07 813410                     /usr/lib/jvm/java-8-oracle/jre/lib/amd64/server/libjvm.so
7fc1d8c97000-7fc1d8e96000 ---p 00cd9000 08:07 813410                     /usr/lib/jvm/java-8-oracle/jre/lib/amd64/server/libjvm.so
7fc1d8e96000-7fc1d8f70000 rw-p 00cd8000 08:07 813410                     /usr/lib/jvm/java-8-oracle/jre/lib/amd64/server/libjvm.so
7fc1d8f70000-7fc1d8fbb000 rw-p 00000000 00:00 0 
7fc1d8fbb000-7fc1d917b000 r-xp 00000000 08:07 398630                     /lib/x86_64-linux-gnu/libc-2.23.so
7fc1d917b000-7fc1d937b000 ---p 001c0000 08:07 398630                     /lib/x86_64-linux-gnu/libc-2.23.so
7fc1d937b000-7fc1d937f000 r--p 001c0000 08:07 398630                     /lib/x86_64-linux-gnu/libc-2.23.so
7fc1d937f000-7fc1d9381000 rw-p 001c4000 08:07 398630                     /lib/x86_64-linux-gnu/libc-2.23.so
7fc1d9381000-7fc1d9385000 rw-p 00000000 00:00 0 
7fc1d9385000-7fc1d9388000 r-xp 00000000 08:07 398654                     /lib/x86_64-linux-gnu/libdl-2.23.so
7fc1d9388000-7fc1d9587000 ---p 00003000 08:07 398654                     /lib/x86_64-linux-gnu/libdl-2.23.so
7fc1d9587000-7fc1d9588000 r--p 00002000 08:07 398654                     /lib/x86_64-linux-gnu/libdl-2.23.so
7fc1d9588000-7fc1d9589000 rw-p 00003000 08:07 398654                     /lib/x86_64-linux-gnu/libdl-2.23.so
7fc1d9589000-7fc1d959f000 r-xp 00000000 08:07 1503408                    /usr/lib/jvm/java-8-oracle/lib/amd64/jli/libjli.so
7fc1d959f000-7fc1d979e000 ---p 00016000 08:07 1503408                    /usr/lib/jvm/java-8-oracle/lib/amd64/jli/libjli.so
7fc1d979e000-7fc1d979f000 rw-p 00015000 08:07 1503408                    /usr/lib/jvm/java-8-oracle/lib/amd64/jli/libjli.so
7fc1d979f000-7fc1d97b7000 r-xp 00000000 08:07 398776                     /lib/x86_64-linux-gnu/libpthread-2.23.so
7fc1d97b7000-7fc1d99b6000 ---p 00018000 08:07 398776                     /lib/x86_64-linux-gnu/libpthread-2.23.so
7fc1d99b6000-7fc1d99b7000 r--p 00017000 08:07 398776                     /lib/x86_64-linux-gnu/libpthread-2.23.so
7fc1d99b7000-7fc1d99b8000 rw-p 00018000 08:07 398776                     /lib/x86_64-linux-gnu/libpthread-2.23.so
7fc1d99b8000-7fc1d99bc000 rw-p 00000000 00:00 0 
7fc1d99bc000-7fc1d99e2000 r-xp 00000000 08:07 398602                     /lib/x86_64-linux-gnu/ld-2.23.so
7fc1d99e2000-7fc1d99e3000 r--s 00000000 08:07 1502382                    /usr/lib/jvm/java-8-oracle/jre/lib/management-agent.jar
7fc1d99e3000-7fc1d99e8000 r--s 0009d000 08:07 1502403                    /usr/lib/jvm/java-8-oracle/jre/lib/jsse.jar
7fc1d99e8000-7fc1d99ea000 r--s 00007000 08:07 1502411                    /usr/lib/jvm/java-8-oracle/jre/lib/jfxswt.jar
7fc1d99ea000-7fc1d99ef000 r--s 00084000 08:07 1502375                    /usr/lib/jvm/java-8-oracle/jre/lib/jfr.jar
7fc1d99ef000-7fc1d99f2000 r--s 0001a000 08:07 1502409                    /usr/lib/jvm/java-8-oracle/jre/lib/jce.jar
7fc1d99f2000-7fc1d9ac3000 rw-p 00000000 00:00 0 
7fc1d9ac3000-7fc1d9ac6000 ---p 00000000 00:00 0 
7fc1d9ac6000-7fc1d9bc9000 rw-p 00000000 00:00 0 
7fc1d9bc9000-7fc1d9bd2000 r--s 0006d000 08:07 1502385                    /usr/lib/jvm/java-8-oracle/jre/lib/javaws.jar
7fc1d9bd2000-7fc1d9bd7000 r--s 002f9000 08:07 1502396                    /usr/lib/jvm/java-8-oracle/jre/lib/charsets.jar
7fc1d9bd7000-7fc1d9bdf000 rw-s 00000000 08:07 1479849                    /tmp/hsperfdata_kishan/3238
7fc1d9bdf000-7fc1d9be0000 rw-p 00000000 00:00 0 
7fc1d9be0000-7fc1d9be1000 ---p 00000000 00:00 0 
7fc1d9be1000-7fc1d9be2000 r--p 00025000 08:07 398602                     /lib/x86_64-linux-gnu/ld-2.23.so
7fc1d9be2000-7fc1d9be3000 rw-p 00026000 08:07 398602                     /lib/x86_64-linux-gnu/ld-2.23.so
7fc1d9be3000-7fc1d9be4000 rw-p 00000000 00:00 0 
7ffc250e3000-7ffc2510a000 rw-p 00000000 00:00 0                          [stack]
7ffc25116000-7ffc25119000 r--p 00000000 00:00 0                          [vvar]
7ffc25119000-7ffc2511b000 r-xp 00000000 00:00 0                          [vdso]
ffffffffff600000-ffffffffff601000 r-xp 00000000 00:00 0                  [vsyscall]

VM Arguments:
jvm_args: -javaagent:/opt/idea-IC-183.4588.61/lib/idea_rt.jar=42453:/opt/idea-IC-183.4588.61/bin -Dfile.encoding=UTF-8 
java_command: com.microsoft.spark.example.testES
java_class_path (initial): /usr/lib/jvm/java-8-oracle/jre/lib/charsets.jar:/usr/lib/jvm/java-8-oracle/jre/lib/deploy.jar:/usr/lib/jvm/java-8-oracle/jre/lib/ext/cldrdata.jar:/usr/lib/jvm/java-8-oracle/jre/lib/ext/dnsns.jar:/usr/lib/jvm/java-8-oracle/jre/lib/ext/jaccess.jar:/usr/lib/jvm/java-8-oracle/jre/lib/ext/jfxrt.jar:/usr/lib/jvm/java-8-oracle/jre/lib/ext/localedata.jar:/usr/lib/jvm/java-8-oracle/jre/lib/ext/nashorn.jar:/usr/lib/jvm/java-8-oracle/jre/lib/ext/sunec.jar:/usr/lib/jvm/java-8-oracle/jre/lib/ext/sunjce_provider.jar:/usr/lib/jvm/java-8-oracle/jre/lib/ext/sunpkcs11.jar:/usr/lib/jvm/java-8-oracle/jre/lib/ext/zipfs.jar:/usr/lib/jvm/java-8-oracle/jre/lib/javaws.jar:/usr/lib/jvm/java-8-oracle/jre/lib/jce.jar:/usr/lib/jvm/java-8-oracle/jre/lib/jfr.jar:/usr/lib/jvm/java-8-oracle/jre/lib/jfxswt.jar:/usr/lib/jvm/java-8-oracle/jre/lib/jsse.jar:/usr/lib/jvm/java-8-oracle/jre/lib/management-agent.jar:/usr/lib/jvm/java-8-oracle/jre/lib/plugin.jar:/usr/lib/jvm/java-8-oracle/jre/lib/resources.jar:/usr/lib/jvm/java-8-oracle/jre/lib/rt.jar:/home/kishan/Git_Projects/SparkSimpleApp/target/test-classes:/home/kishan/Git_Projects/SparkSimpleApp/target/classes:/home/kishan/.m2/repository/org/scala-lang/scala-library/2.11.8/scala-library-2.11.8.jar:/home/kishan/.m2/repository/org/apache/spark/spark-core_2.11/2.3.0/spark-core_2.11-2.3.0.jar:/home/kishan/.m2/repository/org/apache/avro/avro/1.7.7/avro-1.7.7.jar:/home/kishan/.m2/repository/org/codehaus/jackson/jackson-core-asl/1.9.13/jackson-core-asl-1.9.13.jar:/home/kishan/.m2/repository/com/thoughtworks/paranamer/paranamer/2.3/paranamer-2.3.jar:/home/kishan/.m2/repository/org/apache/commons/commons-compress/1.4.1/commons-compress-1.4.1.jar:/home/kishan/.m2/repository/org/tukaani/xz/1.0/xz-1.0.jar:/home/kishan/.m2/repository/org/apache/avro/avro-mapred/1.7.7/avro-mapred-1.7.7-hadoop2.jar:/home/kishan/.m2/repository/org/apache/avro/avro-ipc/1.7.7/avro-ipc-1.7.7.jar:/home/kishan/.m2/repository/org/apache/avro/avro-ipc/1.7.7/avro-
Launcher Type: SUN_STANDARD

Environment Variables:
JAVA_HOME=/usr/lib/jvm/java-8-oracle
PATH=/home/kishan/bin:/home/kishan/.local/bin:/usr/local/bin:/usr/local/sbin:/usr/bin:/usr/sbin:/bin:/sbin:.:/snap/bin:/usr/lib/jvm/java-8-oracle/bin:/usr/lib/jvm/java-8-oracle/db/bin:/usr/lib/jvm/java-8-oracle/jre/bin
SHELL=/bin/bash
DISPLAY=:0

Signal Handlers:
SIGSEGV: [libjvm.so+0xad0890], sa_mask[0]=11111111011111111101111111111110, sa_flags=SA_RESTART|SA_SIGINFO
SIGBUS: [libjvm.so+0xad0890], sa_mask[0]=11111111011111111101111111111110, sa_flags=SA_RESTART|SA_SIGINFO
SIGFPE: [libjvm.so+0x928640], sa_mask[0]=11111111011111111101111111111110, sa_flags=SA_RESTART|SA_SIGINFO
SIGPIPE: [libjvm.so+0x928640], sa_mask[0]=11111111011111111101111111111110, sa_flags=SA_RESTART|SA_SIGINFO
SIGXFSZ: [libjvm.so+0x928640], sa_mask[0]=11111111011111111101111111111110, sa_flags=SA_RESTART|SA_SIGINFO
SIGILL: [libjvm.so+0x928640], sa_mask[0]=11111111011111111101111111111110, sa_flags=SA_RESTART|SA_SIGINFO
SIGUSR1: SIG_DFL, sa_mask[0]=00000000000000000000000000000000, sa_flags=none
SIGUSR2: [libjvm.so+0x929ea0], sa_mask[0]=00100000000000000000000000000000, sa_flags=SA_RESTART|SA_SIGINFO
SIGHUP: [libjvm.so+0x92b2a0], sa_mask[0]=11111111011111111101111111111110, sa_flags=SA_RESTART|SA_SIGINFO
SIGINT: [libjvm.so+0x92b2a0], sa_mask[0]=11111111011111111101111111111110, sa_flags=SA_RESTART|SA_SIGINFO
SIGTERM: [libjvm.so+0x92b2a0], sa_mask[0]=11111111011111111101111111111110, sa_flags=SA_RESTART|SA_SIGINFO
SIGQUIT: [libjvm.so+0x92b2a0], sa_mask[0]=11111111011111111101111111111110, sa_flags=SA_RESTART|SA_SIGINFO


---------------  S Y S T E M  ---------------

OS:DISTRIB_ID=Ubuntu
DISTRIB_RELEASE=16.04
DISTRIB_CODENAME=xenial
DISTRIB_DESCRIPTION="Ubuntu 16.04.4 LTS"

uname:Linux 4.15.0-45-generic #48~16.04.1-Ubuntu SMP Tue Jan 29 18:03:48 UTC 2019 x86_64
libc:glibc 2.23 NPTL 2.23 
rlimit: STACK 8192k, CORE 0k, NPROC 30974, NOFILE 1048576, AS infinity
load average:3.31 6.01 14.26

/proc/meminfo:
MemTotal:        8057264 kB
MemFree:          121836 kB
MemAvailable:      61456 kB
Buffers:           10304 kB
Cached:           541072 kB
SwapCached:            0 kB
Active:          7129456 kB
Inactive:         505200 kB
Active(anon):    7085880 kB
Inactive(anon):   446020 kB
Active(file):      43576 kB
Inactive(file):    59180 kB
Unevictable:        1012 kB
Mlocked:            1012 kB
SwapTotal:             0 kB
SwapFree:              0 kB
Dirty:               840 kB
Writeback:             0 kB
AnonPages:       7084352 kB
Mapped:           224604 kB
Shmem:            448576 kB
Slab:             111904 kB
SReclaimable:      52080 kB
SUnreclaim:        59824 kB
KernelStack:       20400 kB
PageTables:        75668 kB
NFS_Unstable:          0 kB
Bounce:                0 kB
WritebackTmp:          0 kB
CommitLimit:     4028632 kB
Committed_AS:   16005304 kB
VmallocTotal:   34359738367 kB
VmallocUsed:           0 kB
VmallocChunk:          0 kB
HardwareCorrupted:     0 kB
AnonHugePages:         0 kB
ShmemHugePages:        0 kB
ShmemPmdMapped:        0 kB
CmaTotal:              0 kB
CmaFree:               0 kB
HugePages_Total:       0
HugePages_Free:        0
HugePages_Rsvd:        0
HugePages_Surp:        0
Hugepagesize:       2048 kB
DirectMap4k:      396032 kB
DirectMap2M:     7882752 kB
DirectMap1G:     1048576 kB


CPU:total 4 (initial active 4) (2 cores per cpu, 2 threads per core) family 6 model 69 stepping 1, cmov, cx8, fxsr, mmx, sse, sse2, sse3, ssse3, sse4.1, sse4.2, popcnt, avx, avx2, aes, clmul, erms, lzcnt, ht, tsc, tscinvbit, bmi1, bmi2

/proc/cpuinfo:
processor	: 0
vendor_id	: GenuineIntel
cpu family	: 6
model		: 69
model name	: Intel(R) Core(TM) i3-4010U CPU @ 1.70GHz
stepping	: 1
microcode	: 0x24
cpu MHz		: 1190.590
cache size	: 3072 KB
physical id	: 0
siblings	: 4
core id		: 0
cpu cores	: 2
apicid		: 0
initial apicid	: 0
fpu		: yes
fpu_exception	: yes
cpuid level	: 13
wp		: yes
flags		: fpu vme de pse tsc msr pae mce cx8 apic sep mtrr pge mca cmov pat pse36 clflush dts acpi mmx fxsr sse sse2 ss ht tm pbe syscall nx pdpe1gb rdtscp lm constant_tsc arch_perfmon pebs bts rep_good nopl xtopology nonstop_tsc cpuid aperfmperf pni pclmulqdq dtes64 monitor ds_cpl vmx est tm2 ssse3 sdbg fma cx16 xtpr pdcm pcid sse4_1 sse4_2 x2apic movbe popcnt tsc_deadline_timer aes xsave avx f16c rdrand lahf_lm abm cpuid_fault epb invpcid_single pti ssbd ibrs ibpb stibp tpr_shadow vnmi flexpriority ept vpid fsgsbase tsc_adjust bmi1 avx2 smep bmi2 erms invpcid xsaveopt dtherm arat pln pts flush_l1d
bugs		: cpu_meltdown spectre_v1 spectre_v2 spec_store_bypass l1tf
bogomips	: 3392.00
clflush size	: 64
cache_alignment	: 64
address sizes	: 39 bits physical, 48 bits virtual
power management:

processor	: 1
vendor_id	: GenuineIntel
cpu family	: 6
model		: 69
model name	: Intel(R) Core(TM) i3-4010U CPU @ 1.70GHz
stepping	: 1
microcode	: 0x24
cpu MHz		: 1212.728
cache size	: 3072 KB
physical id	: 0
siblings	: 4
core id		: 0
cpu cores	: 2
apicid		: 1
initial apicid	: 1
fpu		: yes
fpu_exception	: yes
cpuid level	: 13
wp		: yes
flags		: fpu vme de pse tsc msr pae mce cx8 apic sep mtrr pge mca cmov pat pse36 clflush dts acpi mmx fxsr sse sse2 ss ht tm pbe syscall nx pdpe1gb rdtscp lm constant_tsc arch_perfmon pebs bts rep_good nopl xtopology nonstop_tsc cpuid aperfmperf pni pclmulqdq dtes64 monitor ds_cpl vmx est tm2 ssse3 sdbg fma cx16 xtpr pdcm pcid sse4_1 sse4_2 x2apic movbe popcnt tsc_deadline_timer aes xsave avx f16c rdrand lahf_lm abm cpuid_fault epb invpcid_single pti ssbd ibrs ibpb stibp tpr_shadow vnmi flexpriority ept vpid fsgsbase tsc_adjust bmi1 avx2 smep bmi2 erms invpcid xsaveopt dtherm arat pln pts flush_l1d
bugs		: cpu_meltdown spectre_v1 spectre_v2 spec_store_bypass l1tf
bogomips	: 3392.00
clflush size	: 64
cache_alignment	: 64
address sizes	: 39 bits physical, 48 bits virtual
power management:

processor	: 2
vendor_id	: GenuineIntel
cpu family	: 6
model		: 69
model name	: Intel(R) Core(TM) i3-4010U CPU @ 1.70GHz
stepping	: 1
microcode	: 0x24
cpu MHz		: 1372.790
cache size	: 3072 KB
physical id	: 0
siblings	: 4
core id		: 1
cpu cores	: 2
apicid		: 2
initial apicid	: 2
fpu		: yes
fpu_exception	: yes
cpuid level	: 13
wp		: yes
flags		: fpu vme de pse tsc msr pae mce cx8 apic sep mtrr pge mca cmov pat pse36 clflush dts acpi mmx fxsr sse sse2 ss ht tm pbe syscall nx pdpe1gb rdtscp lm constant_tsc arch_perfmon pebs bts rep_good nopl xtopology nonstop_tsc cpuid aperfmperf pni pclmulqdq dtes64 monitor ds_cpl vmx est tm2 ssse3 sdbg fma cx16 xtpr pdcm pcid sse4_1 sse4_2 x2apic movbe popcnt tsc_deadline_timer aes xsave avx f16c rdrand lahf_lm abm cpuid_fault epb invpcid_single pti ssbd ibrs ibpb stibp tpr_shadow vnmi flexpriority ept vpid fsgsbase tsc_adjust bmi1 avx2 smep bmi2 erms invpcid xsaveopt dtherm arat pln pts flush_l1d
bugs		: cpu_meltdown spectre_v1 spectre_v2 spec_store_bypass l1tf
bogomips	: 3392.00
clflush size	: 64
cache_alignment	: 64
address sizes	: 39 bits physical, 48 bits virtual
power management:

processor	: 3
vendor_id	: GenuineIntel
cpu family	: 6
model		: 69
model name	: Intel(R) Core(TM) i3-4010U CPU @ 1.70GHz
stepping	: 1
microcode	: 0x24
cpu MHz		: 1234.186
cache size	: 3072 KB
physical id	: 0
siblings	: 4
core id		: 1
cpu cores	: 2
apicid		: 3
initial apicid	: 3
fpu		: yes
fpu_exception	: yes
cpuid level	: 13
wp		: yes
flags		: fpu vme de pse tsc msr pae mce cx8 apic sep mtrr pge mca cmov pat pse36 clflush dts acpi mmx fxsr sse sse2 ss ht tm pbe syscall nx pdpe1gb rdtscp lm constant_tsc arch_perfmon pebs bts rep_good nopl xtopology nonstop_tsc cpuid aperfmperf pni pclmulqdq dtes64 monitor ds_cpl vmx est tm2 ssse3 sdbg fma cx16 xtpr pdcm pcid sse4_1 sse4_2 x2apic movbe popcnt tsc_deadline_timer aes xsave avx f16c rdrand lahf_lm abm cpuid_fault epb invpcid_single pti ssbd ibrs ibpb stibp tpr_shadow vnmi flexpriority ept vpid fsgsbase tsc_adjust bmi1 avx2 smep bmi2 erms invpcid xsaveopt dtherm arat pln pts flush_l1d
bugs		: cpu_meltdown spectre_v1 spectre_v2 spec_store_bypass l1tf
bogomips	: 3392.00
clflush size	: 64
cache_alignment	: 64
address sizes	: 39 bits physical, 48 bits virtual
power management:



Memory: 4k page, physical 8057264k(121712k free), swap 0k(0k free)

vm_info: Java HotSpot(TM) 64-Bit Server VM (25.171-b11) for linux-amd64 JRE (1.8.0_171-b11), built on Mar 28 2018 17:07:08 by "java_re" with gcc 4.3.0 20080428 (Red Hat 4.3.0-8)

time: Sun Feb 24 11:08:17 2019
elapsed time: 50 seconds (0d 0h 0m 50s)

